Tue Dec 17 18:45:32 PST 2013
;; 1. Based on: run1
;; 2. Description: +peripheral compartment
;; x1. Author: user
;; 3. Label:
$PROBLEM    PK
$INPUT      ID TIME DV AMT CMT MDV EVID WT CRCL AGE SEX CENT
$DATA       pktab1 IGNORE=@ ;
$SUBROUTINE ADVAN3 TRANS4
$PK

TVCL = THETA(1)
CL = TVCL * EXP(ETA(1))
TVV1 = THETA(2)
V1 = TVV1 * EXP(ETA(2))
Q  = THETA(3)
V2 = THETA(4)
S1 = V1/1000

$ERROR

IPRED = F
Y = IPRED + EPS(1)
ADD = SIGMA(1,1)
W = SQRT(ADD)
IRES = DV-IPRED
IWRES = IRES/W

$THETA  (0,10) ; CL
 (0,100) ; V
 (0,10,100) ; Q
 (0,100,500) ; V2
$OMEGA  BLOCK(2)
 0.2  ;     IIV CL
 0.1 0.2  ;     IIV V2
$SIGMA  1  ; Additive error PK
$ESTIMATION METHOD=1 INTER MAXEVAL=2000 NOABORT SIG=3 PRINT=1 POSTHOC
; Xpose
$TABLE      ID TIME DV MDV EVID IPRED IWRES CWRES ONEHEADER NOPRINT
            FILE=sdtab2
$TABLE      CL V1 ONEHEADER NOPRINT FILE=patab2


NM-TRAN MESSAGES
  
 WARNINGS AND ERRORS (IF ANY) FOR PROBLEM    1
             
 (WARNING  2) NM-TRAN INFERS THAT THE DATA ARE POPULATION.
             
 (WARNING  79) SIGMA IS USED ON THE RIGHT. WITH A SUBSEQUENT RUN, IF AN
 INITIAL ESTIMATE OF A DIAGONAL BLOCK OF SIGMA IS TO BE COMPUTED BY
 NONMEM, THAT BLOCK WILL BE SET TO AN IDENTITY MATRIX DURING THAT
 COMPUTATION. THIS COULD LEAD TO AN ARITHMETIC EXCEPTION.*

 * THE MAXIMUM NUMBER OF WARNINGS OF ONE OR MORE TYPES WAS REACHED.
 IT IS POSSIBLE THAT SOME WARNING MESSAGES WERE SUPPRESSED.
 CREATING MUMODEL ROUTINE...

License Registered to: University of California, San Francisco
Expiration Date:    14 APR 2014
Current Date:       17 DEC 2013
Days until program expires : 122
1NONLINEAR MIXED EFFECTS MODEL PROGRAM (NONMEM) VERSION 7.2.0
 ORIGINALLY DEVELOPED BY STUART BEAL, LEWIS SHEINER, AND ALISON BOECKMANN
 CURRENT DEVELOPERS ARE ROBERT BAUER, ICON DEVELOPMENT SOLUTIONS,
 AND ALISON BOECKMANN. IMPLEMENTATION, EFFICIENCY, AND STANDARDIZATION
 PERFORMED BY NOUS INFOSYSTEMS.

 PROBLEM NO.:         1
 PK
0DATA CHECKOUT RUN:              NO
 DATA SET LOCATED ON UNIT NO.:    2
 THIS UNIT TO BE REWOUND:        NO
 NO. OF DATA RECS IN DATA SET:     1300
 NO. OF DATA ITEMS IN DATA SET:  12
 ID DATA ITEM IS DATA ITEM NO.:   1
 DEP VARIABLE IS DATA ITEM NO.:   3
 MDV DATA ITEM IS DATA ITEM NO.:  6
0INDICES PASSED TO SUBROUTINE PRED:
   7   2   4   0   0   0   5   0   0   0   0
0LABELS FOR DATA ITEMS:
 ID TIME DV AMT CMT MDV EVID WT CRCL AGE SEX CENT
0(NONBLANK) LABELS FOR PRED-DEFINED ITEMS:
 CL V1 IPRED IWRES
0FORMAT FOR DATA:
 (7E10.0/5E10.0)

 TOT. NO. OF OBS RECS:     1100
 TOT. NO. OF INDIVIDUALS:    100
0LENGTH OF THETA:   4
0DEFAULT THETA BOUNDARY TEST OMITTED:    NO
0OMEGA HAS BLOCK FORM:
  1
  1  1
0DEFAULT OMEGA BOUNDARY TEST OMITTED:    NO
0SIGMA HAS SIMPLE DIAGONAL FORM WITH DIMENSION:   1
0DEFAULT SIGMA BOUNDARY TEST OMITTED:    NO
0INITIAL ESTIMATE OF THETA:
 LOWER BOUND    INITIAL EST    UPPER BOUND
  0.0000E+00     0.1000E+02     0.1000E+07
  0.0000E+00     0.1000E+03     0.1000E+07
  0.0000E+00     0.1000E+02     0.1000E+03
  0.0000E+00     0.1000E+03     0.5000E+03
0INITIAL ESTIMATE OF OMEGA:
 BLOCK SET NO.   BLOCK                                                                    FIXED
        1                                                                                   NO
                  0.2000E+00
                  0.1000E+00   0.2000E+00
0INITIAL ESTIMATE OF SIGMA:
 0.1000E+01
0ESTIMATION STEP OMITTED:           NO
 CONDITIONAL ESTIMATES USED:       YES
 CENTERED ETA:                      NO
 EPS-ETA INTERACTION:              YES
 LAPLACIAN OBJ. FUNC.:              NO
 NO. OF FUNCT. EVALS. ALLOWED:       2000
 NO. OF SIG. FIGURES REQUIRED:       3
 INTERMEDIATE PRINTOUT:            YES
 ESTIMATE OUTPUT TO MSF:            NO
 ABORT WITH PRED EXIT CODE 1:       NO
 IND. OBJ. FUNC. VALUES SORTED:     NO
0TABLES STEP OMITTED:    NO
 NO. OF TABLES:           2
0-- TABLE   1 --
 PRINTED:                NO
 HEADERS:               ONE
 FILE TO BE FORWARDED:   NO
0USER-CHOSEN ITEMS:
 ID TIME DV MDV EVID IPRED IWRES CWRES
0-- TABLE   2 --
 PRINTED:                NO
 HEADERS:               ONE
 FILE TO BE FORWARDED:   NO
0USER-CHOSEN ITEMS:
 CL V1

 THE FOLLOWING LABELS ARE EQUIVALENT
 PRED=PREDI
 RES=RESI
 WRES=WRESI
1DOUBLE PRECISION PREDPP VERSION 7.2.0

 TWO COMPARTMENT MODEL (ADVAN3)
0MAXIMUM NO. OF BASIC PK PARAMETERS:   4
0BASIC PK PARAMETERS (AFTER TRANSLATION):
   BASIC PK PARAMETER NO.  1: ELIMINATION RATE (K)
   BASIC PK PARAMETER NO.  2: CENTRAL-TO-PERIPH. RATE (K12)
   BASIC PK PARAMETER NO.  3: PERIPH.-TO-CENTRAL RATE (K21)
 TRANSLATOR WILL CONVERT PARAMETERS
 CL, V1, Q, V2 TO K, K12, K21 (TRANS4)
0COMPARTMENT ATTRIBUTES
 COMPT. NO.   FUNCTION   INITIAL    ON/OFF      DOSE      DEFAULT    DEFAULT
                         STATUS     ALLOWED    ALLOWED    FOR DOSE   FOR OBS.
    1         CENTRAL      ON         NO         YES        YES        YES
    2         PERIPH.      ON         NO         YES        NO         NO
    3         OUTPUT       OFF        YES        NO         NO         NO
1
 ADDITIONAL PK PARAMETERS - ASSIGNMENT OF ROWS IN GG
 COMPT. NO.                             INDICES
              SCALE      BIOAVAIL.   ZERO-ORDER  ZERO-ORDER  ABSORB
                         FRACTION    RATE        DURATION    LAG
    1           5           *           *           *           *
    2           *           *           *           *           *
    3           *           -           -           -           -
             - PARAMETER IS NOT ALLOWED FOR THIS MODEL
             * PARAMETER IS NOT SUPPLIED BY PK SUBROUTINE;
               WILL DEFAULT TO ONE IF APPLICABLE
0DATA ITEM INDICES USED BY PRED ARE:
   EVENT ID DATA ITEM IS DATA ITEM NO.:      7
   TIME DATA ITEM IS DATA ITEM NO.:          2
   DOSE AMOUNT DATA ITEM IS DATA ITEM NO.:   4
   COMPT. NO. DATA ITEM IS DATA ITEM NO.:    5

0PK SUBROUTINE CALLED WITH EVERY EVENT RECORD.
 PK SUBROUTINE NOT CALLED AT NONEVENT (ADDITIONAL OR LAGGED) DOSE TIMES.
0ERROR SUBROUTINE CALLED WITH EVERY EVENT RECORD.
1


 #TBLN:      1
 #METH: First Order Conditional Estimation with Interaction

 MONITORING OF SEARCH:


0ITERATION NO.:    0    OBJECTIVE VALUE:   6029519.25205221        NO. OF FUNC. EVALS.:   7
 CUMULATIVE NO. OF FUNC. EVALS.:        7
 NPARAMETR:  1.0000E+01  1.0000E+02  1.0000E+01  1.0000E+02  2.0000E-01  1.0000E-01  2.0000E-01  1.0000E+00
 PARAMETER:  1.0000E-01  1.0000E-01  1.0000E-01  1.0000E-01  1.0000E-01  1.0000E-01  1.0000E-01  1.0000E-01
 GRADIENT:   4.9105E+03  3.6693E+04  6.3082E+06  2.6342E+05 -6.2328E+02  9.2360E+02  5.0596E+01 -1.2050E+07

0ITERATION NO.:    1    OBJECTIVE VALUE:   1486321.41229082        NO. OF FUNC. EVALS.:   8
 CUMULATIVE NO. OF FUNC. EVALS.:       15
 NPARAMETR:  9.9976E+00  9.9817E+01  7.5068E+00  9.8955E+01  2.0001E-01  9.9957E-02  1.9995E-01  3.3201E+00
 PARAMETER:  9.9755E-02  9.8173E-02 -2.1410E-01  8.6884E-02  1.0003E-01  9.9954E-02  9.9997E-02  7.0000E-01
 GRADIENT:   2.1624E+03  1.1320E+04  2.3373E+05 -3.6604E+04 -5.6296E+02  9.2793E+02  4.2691E+01 -2.9609E+06

0ITERATION NO.:    2    OBJECTIVE VALUE:   11816.1306125132        NO. OF FUNC. EVALS.:   8
 CUMULATIVE NO. OF FUNC. EVALS.:       23
 NPARAMETR:  9.9669E+00  9.8228E+01  5.5052E+00  1.0314E+02  2.0033E-01  9.8720E-02  1.9863E-01  1.4765E+04
 PARAMETER:  9.6688E-02  8.2116E-02 -5.4563E-01  1.3881E-01  1.0083E-01  9.8638E-02  9.9937E-02  4.9000E+00
 GRADIENT:   6.7645E+02 -2.5337E+02 -2.0270E+02  1.8461E+02 -3.2228E+02  5.0145E+02  7.4781E+01  1.0076E+03

0ITERATION NO.:    3    OBJECTIVE VALUE:   11761.1490918182        NO. OF FUNC. EVALS.:   8
 CUMULATIVE NO. OF FUNC. EVALS.:       31
 NPARAMETR:  8.6213E+00  1.0362E+02  5.6429E+00  1.0016E+02  2.3001E-01 -9.4640E-03  1.4564E-01  1.4843E+04
 PARAMETER: -4.8344E-02  1.3554E-01 -5.1946E-01  1.0197E-01  1.6989E-01 -8.8251E-03  8.3918E-02  4.9026E+00
 GRADIENT:   4.1249E+02  1.9808E+02 -1.8640E+02  1.1501E+02 -1.3282E+02 -1.1068E+03 -1.8604E+01  1.0721E+03

0ITERATION NO.:    4    OBJECTIVE VALUE:   11651.4116654806        NO. OF FUNC. EVALS.:   8
 CUMULATIVE NO. OF FUNC. EVALS.:       39
 NPARAMETR:  7.0594E+00  1.0605E+02  5.8588E+00  9.6190E+01  2.7323E-01  5.1575E-02  1.5128E-01  1.4955E+04
 PARAMETER: -2.4822E-01  1.5873E-01 -4.7962E-01  5.1677E-02  2.5600E-01  4.4126E-02  7.0984E-02  4.9064E+00
 GRADIENT:   1.8995E+02  1.3371E+02 -1.9518E+02  4.2558E+01  4.6002E+01 -6.1126E+02  5.0185E+01  1.1225E+03

0ITERATION NO.:    5    OBJECTIVE VALUE:   11585.8143837289        NO. OF FUNC. EVALS.:   8
 CUMULATIVE NO. OF FUNC. EVALS.:       47
 NPARAMETR:  5.7121E+00  1.0329E+02  7.1986E+00  9.6428E+01  1.7353E-01  5.5847E-02  1.1043E-01  1.5477E+04
 PARAMETER: -4.5999E-01  1.3242E-01 -2.5934E-01  5.4736E-02  2.9003E-02  5.9956E-02 -1.4197E-01  4.9236E+00
 GRADIENT:   8.8332E+01  2.0351E+02  1.0262E+01 -1.6312E+00  5.0296E+01 -7.9705E+02  1.0884E+01  1.2044E+03

0ITERATION NO.:    6    OBJECTIVE VALUE:   11560.8695571117        NO. OF FUNC. EVALS.:   8
 CUMULATIVE NO. OF FUNC. EVALS.:       55
 NPARAMETR:  4.7526E+00  9.9285E+01  6.6167E+00  9.9826E+01  1.2252E-01  5.1768E-02  8.6008E-02  1.5234E+04
 PARAMETER: -6.4388E-01  9.2829E-02 -3.4989E-01  9.7827E-02 -1.4502E-01  6.6141E-02 -3.2483E-01  4.9157E+00
 GRADIENT:  -1.2610E+02  2.7759E+02 -1.0745E+02 -4.7894E+01  3.4199E+01 -8.5015E+02 -3.4003E+01  1.1823E+03

0ITERATION NO.:    7    OBJECTIVE VALUE:   11559.1297912291        NO. OF FUNC. EVALS.:   9
 CUMULATIVE NO. OF FUNC. EVALS.:       64
 NPARAMETR:  4.6842E+00  9.4909E+01  6.6233E+00  1.0262E+02  1.2654E-01  4.6668E-02  7.6409E-02  1.5218E+04
 PARAMETER: -6.5839E-01  4.7746E-02 -3.4883E-01  1.3238E-01 -1.2887E-01  5.8670E-02 -3.6487E-01  4.9151E+00
 GRADIENT:  -9.3700E+01  1.7701E+02 -1.1412E+02 -3.5330E+01  3.4605E+01 -1.0262E+03 -4.2219E+01  1.1820E+03

0ITERATION NO.:    8    OBJECTIVE VALUE:   11527.4508540642        NO. OF FUNC. EVALS.:   8
 CUMULATIVE NO. OF FUNC. EVALS.:       72
 NPARAMETR:  4.3824E+00  9.6498E+01  6.8855E+00  1.8182E+02  2.5880E-01  1.4771E-01  9.6529E-02  1.5019E+04
 PARAMETER: -7.2499E-01  6.4353E-02 -3.0719E-01  9.2668E-01  2.2887E-01  1.2985E-01 -1.1535E+00  4.9085E+00
 GRADIENT:   9.2593E+01 -7.9395E+00 -2.2394E+02  6.5611E+01  5.7222E+01 -6.4477E+02 -1.8500E+01  1.1026E+03

0ITERATION NO.:    9    OBJECTIVE VALUE:   11521.9487505135        NO. OF FUNC. EVALS.:   8
 CUMULATIVE NO. OF FUNC. EVALS.:       80
 NPARAMETR:  3.9657E+00  9.5166E+01  7.2644E+00  2.0282E+02  2.1688E-01  1.3580E-01  1.0045E-01  1.5077E+04
 PARAMETER: -8.2491E-01  5.0452E-02 -2.4954E-01  1.1043E+00  1.4051E-01  1.3041E-01 -1.0376E+00  4.9104E+00
 GRADIENT:   1.3684E+02 -8.3966E+01 -1.2229E+02  1.0872E+02 -2.7767E+01 -1.4634E+02 -5.1498E-01  1.1131E+03

0ITERATION NO.:   10    OBJECTIVE VALUE:   11512.6524816588        NO. OF FUNC. EVALS.:   8
 CUMULATIVE NO. OF FUNC. EVALS.:       88
 NPARAMETR:  4.2559E+00  9.3794E+01  7.2920E+00  1.7645E+02  2.2923E-01  1.6160E-01  1.2411E-01  1.5161E+04
 PARAMETER: -7.5427E-01  3.5929E-02 -2.4546E-01  8.7996E-01  1.6820E-01  1.5095E-01 -1.2451E+00  4.9132E+00
 GRADIENT:   1.7594E+02 -1.6112E+02 -7.8647E+01  1.0836E+02 -2.1023E+01  1.2265E+02 -2.5000E+00  1.1231E+03

0ITERATION NO.:   11    OBJECTIVE VALUE:   11499.2646613860        NO. OF FUNC. EVALS.:   8
 CUMULATIVE NO. OF FUNC. EVALS.:       96
 NPARAMETR:  4.4223E+00  9.2317E+01  7.2298E+00  1.4357E+02  1.9280E-01  1.4896E-01  1.2727E-01  1.5229E+04
 PARAMETER: -7.1591E-01  2.0053E-02 -2.5468E-01  5.7695E-01  8.1680E-02  1.5171E-01 -1.1554E+00  4.9155E+00
 GRADIENT:   6.4144E+01 -3.4670E+01 -7.4644E+01  4.5145E+01  2.3378E+00  1.2521E+01 -1.7216E+00  1.1616E+03

0ITERATION NO.:   12    OBJECTIVE VALUE:   11494.5917718285        NO. OF FUNC. EVALS.:   8
 CUMULATIVE NO. OF FUNC. EVALS.:      104
 NPARAMETR:  4.4437E+00  8.8986E+01  7.0816E+00  1.1975E+02  1.5502E-01  1.3384E-01  1.2988E-01  1.5196E+04
 PARAMETER: -7.1109E-01 -1.6691E-02 -2.7699E-01  3.3091E-01 -2.7397E-02  1.5202E-01 -1.0743E+00  4.9144E+00
 GRADIENT:  -5.6220E+01  3.8262E+01 -8.0457E+01 -7.8256E+00  2.9585E+00  1.3985E+01 -8.3971E-01  1.1711E+03

0ITERATION NO.:   13    OBJECTIVE VALUE:   11482.9943728362        NO. OF FUNC. EVALS.:  10
 CUMULATIVE NO. OF FUNC. EVALS.:      114
 NPARAMETR:  4.9536E+00  8.7001E+01  6.7411E+00  1.0126E+02  1.4325E-01  1.2046E-01  1.1882E-01  1.4775E+04
 PARAMETER: -6.0246E-01 -3.9256E-02 -3.2993E-01  1.1562E-01 -6.6869E-02  1.4233E-01 -9.7335E-01  4.9004E+00
 GRADIENT:   8.1404E+01 -1.3060E+02 -1.0002E+02  2.6891E+01  2.2394E+01 -1.7051E+02 -1.0774E+00  1.1555E+03

0ITERATION NO.:   14    OBJECTIVE VALUE:   11465.6138834076        NO. OF FUNC. EVALS.:   8
 CUMULATIVE NO. OF FUNC. EVALS.:      122
 NPARAMETR:  5.4406E+00  8.8292E+01  6.2638E+00  8.7823E+01  1.2075E-01  1.1201E-01  1.2501E-01  1.4035E+04
 PARAMETER: -5.0870E-01 -2.4520E-02 -4.0847E-01 -5.9842E-02 -1.5229E-01  1.4415E-01 -8.8035E-01  4.8746E+00
 GRADIENT:   1.8349E+02 -1.9060E+02 -1.5116E+02  5.4556E+01 -5.7427E+00  1.8531E+01  5.5312E+00  1.1000E+03

0ITERATION NO.:   15    OBJECTIVE VALUE:   11421.1115421981        NO. OF FUNC. EVALS.:   9
 CUMULATIVE NO. OF FUNC. EVALS.:      131
 NPARAMETR:  5.5407E+00  9.3275E+01  5.8052E+00  9.2742E+01  8.6640E-02  8.5813E-02  1.3236E-01  1.2108E+04
 PARAMETER: -4.9047E-01  3.0377E-02 -4.8939E-01  6.6701E-03 -3.1828E-01  1.3038E-01 -4.7641E-01  4.8008E+00
 GRADIENT:   1.9693E+02 -8.8869E+01 -2.4610E+02  9.2945E+01 -7.1354E+01  1.7181E+02  4.6484E+01  9.4906E+02

0ITERATION NO.:   16    OBJECTIVE VALUE:   11319.3882270291        NO. OF FUNC. EVALS.:   9
 CUMULATIVE NO. OF FUNC. EVALS.:      140
 NPARAMETR:  5.7671E+00  9.8782E+01  5.7898E+00  8.6847E+01  7.1407E-02  9.2546E-02  1.5243E-01  8.9637E+03
 PARAMETER: -4.5042E-01  8.7749E-02 -4.9220E-01 -7.3371E-02 -4.1496E-01  1.5488E-01 -6.6495E-01  4.6505E+00
 GRADIENT:   2.9166E+02 -6.8838E+01 -3.0378E+02  1.3651E+02 -1.8359E+02  8.3550E+02  1.1012E+01  5.8360E+02

0ITERATION NO.:   17    OBJECTIVE VALUE:   11199.7756453205        NO. OF FUNC. EVALS.:   8
 CUMULATIVE NO. OF FUNC. EVALS.:      148
 NPARAMETR:  5.3015E+00  9.8593E+01  6.9960E+00  8.4888E+01  6.2387E-02  7.8568E-02  1.5387E-01  5.9970E+03
 PARAMETER: -5.3459E-01  8.5834E-02 -2.9007E-01 -1.0092E-01 -4.8248E-01  1.4067E-01 -4.0229E-01  4.4495E+00
 GRADIENT:  -7.2194E+01  1.5669E+02 -4.5556E+01  8.7217E+00 -1.9585E+02  6.5636E+02  2.8777E+01  1.1927E+02

0ITERATION NO.:   18    OBJECTIVE VALUE:   11165.4173174086        NO. OF FUNC. EVALS.:   8
 CUMULATIVE NO. OF FUNC. EVALS.:      156
 NPARAMETR:  5.2637E+00  1.0100E+02  7.6216E+00  1.0129E+02  1.0936E-01  1.0597E-01  1.3712E-01  5.5006E+03
 PARAMETER: -5.4176E-01  1.0994E-01 -1.9768E-01  1.1600E-01 -2.0185E-01  1.4330E-01 -6.3566E-01  4.4063E+00
 GRADIENT:  -1.2660E+01  1.9056E+02  1.8285E+02  1.5969E+01 -1.1150E+02  3.7550E+02 -5.3000E+00 -6.8422E-01

0ITERATION NO.:   19    OBJECTIVE VALUE:   11145.5366508238        NO. OF FUNC. EVALS.:   8
 CUMULATIVE NO. OF FUNC. EVALS.:      164
 NPARAMETR:  5.3370E+00  9.6033E+01  7.3269E+00  9.5639E+01  1.3861E-01  1.1361E-01  1.2580E-01  5.4315E+03
 PARAMETER: -5.2791E-01  5.9525E-02 -2.4031E-01  4.4565E-02 -8.3318E-02  1.3646E-01 -6.6181E-01  4.4000E+00
 GRADIENT:   2.2333E+01  9.7136E+01  5.1371E+01 -1.1907E+01 -6.0637E+00 -6.2721E+01 -6.3672E+00  3.9397E+00

0ITERATION NO.:   20    OBJECTIVE VALUE:   11141.6035934421        NO. OF FUNC. EVALS.:   8
 CUMULATIVE NO. OF FUNC. EVALS.:      172
 NPARAMETR:  4.9275E+00  9.1777E+01  7.2076E+00  1.0610E+02  1.5361E-01  1.1866E-01  1.2195E-01  5.4553E+03
 PARAMETER: -6.0775E-01  1.4187E-02 -2.5800E-01  1.7455E-01 -3.1959E-02  1.3540E-01 -7.0010E-01  4.4022E+00
 GRADIENT:   2.0404E+01  2.3599E+01 -4.0674E+01  6.0972E+00  3.2059E+00 -7.8708E+01 -1.4802E+01  1.3624E+01

0ITERATION NO.:   21    OBJECTIVE VALUE:   11140.9560188273        NO. OF FUNC. EVALS.:   8
 CUMULATIVE NO. OF FUNC. EVALS.:      180
 NPARAMETR:  4.7649E+00  8.8807E+01  7.2924E+00  1.0580E+02  1.4991E-01  1.1394E-01  1.2316E-01  5.3766E+03
 PARAMETER: -6.4131E-01 -1.8703E-02 -2.4539E-01  1.7102E-01 -4.4128E-02  1.3161E-01 -6.0590E-01  4.3949E+00
 GRADIENT:   1.7281E+01 -2.4468E+01 -1.3189E+00  2.0245E+00 -1.4194E-01 -8.6082E+01  4.8858E+00 -6.0304E+00

0ITERATION NO.:   22    OBJECTIVE VALUE:   11140.5182625080        NO. OF FUNC. EVALS.:   8
 CUMULATIVE NO. OF FUNC. EVALS.:      188
 NPARAMETR:  4.7433E+00  8.9183E+01  7.3048E+00  1.0678E+02  1.5320E-01  1.1829E-01  1.2550E-01  5.4015E+03
 PARAMETER: -6.4586E-01 -1.4478E-02 -2.4355E-01  1.8275E-01 -3.3273E-02  1.3516E-01 -6.3982E-01  4.3972E+00
 GRADIENT:   2.3795E+00 -4.0018E+00 -1.7844E-01 -1.2135E+00 -2.3874E+00 -4.0530E+01 -1.6589E+00 -1.1865E-01

0ITERATION NO.:   23    OBJECTIVE VALUE:   11140.4191254373        NO. OF FUNC. EVALS.:   8
 CUMULATIVE NO. OF FUNC. EVALS.:      196
 NPARAMETR:  4.7086E+00  8.9404E+01  7.3162E+00  1.0888E+02  1.5805E-01  1.2192E-01  1.2801E-01  5.4002E+03
 PARAMETER: -6.5320E-01 -1.2005E-02 -2.4187E-01  2.0751E-01 -1.7691E-02  1.3715E-01 -6.4278E-01  4.3971E+00
 GRADIENT:  -1.1614E-01  1.9304E+00 -2.2778E+00  5.6992E-01 -3.0924E+00 -1.2938E+01 -2.0353E+00 -7.9581E-01

0ITERATION NO.:   24    OBJECTIVE VALUE:   11140.4022174668        NO. OF FUNC. EVALS.:   8
 CUMULATIVE NO. OF FUNC. EVALS.:      204
 NPARAMETR:  4.6847E+00  8.9333E+01  7.3319E+00  1.0982E+02  1.6249E-01  1.2493E-01  1.3021E-01  5.4019E+03
 PARAMETER: -6.5828E-01 -1.2801E-02 -2.3957E-01  2.1857E-01 -3.8489E-03  1.3860E-01 -6.3981E-01  4.3972E+00
 GRADIENT:  -7.4771E-01  1.4815E+00  1.2984E+00  1.4780E-01 -9.7968E-01 -3.3314E+00 -1.2690E+00  8.8808E-02

0ITERATION NO.:   25    OBJECTIVE VALUE:   11140.4010711964        NO. OF FUNC. EVALS.:   8
 CUMULATIVE NO. OF FUNC. EVALS.:      212
 NPARAMETR:  4.6829E+00  8.9322E+01  7.3311E+00  1.0987E+02  1.6309E-01  1.2535E-01  1.3068E-01  5.4011E+03
 PARAMETER: -6.5866E-01 -1.2927E-02 -2.3969E-01  2.1916E-01 -2.0196E-03  1.3881E-01 -6.3711E-01  4.3972E+00
 GRADIENT:  -7.8914E-01  1.3194E+00  6.6459E-01  8.5745E-02 -5.9835E-01 -1.8920E+00 -6.7440E-01  3.6578E-02

0ITERATION NO.:   26    OBJECTIVE VALUE:   11140.4008492516        NO. OF FUNC. EVALS.:   8
 CUMULATIVE NO. OF FUNC. EVALS.:      220
 NPARAMETR:  4.6831E+00  8.9313E+01  7.3306E+00  1.0985E+02  1.6325E-01  1.2547E-01  1.3082E-01  5.4008E+03
 PARAMETER: -6.5862E-01 -1.3024E-02 -2.3975E-01  2.1884E-01 -1.5175E-03  1.3887E-01 -6.3639E-01  4.3972E+00
 GRADIENT:  -7.0872E-01  1.1074E+00  5.4443E-01  2.6150E-02 -4.1061E-01 -1.7324E+00 -5.1267E-01  2.7577E-02

0ITERATION NO.:   27    OBJECTIVE VALUE:   11140.4003702581        NO. OF FUNC. EVALS.:   9
 CUMULATIVE NO. OF FUNC. EVALS.:      229
 NPARAMETR:  4.6839E+00  8.9303E+01  7.3298E+00  1.0979E+02  1.6341E-01  1.2561E-01  1.3101E-01  5.4006E+03
 PARAMETER: -6.5845E-01 -1.3140E-02 -2.3987E-01  2.1820E-01 -1.0131E-03  1.3896E-01 -6.3547E-01  4.3971E+00
 GRADIENT:  -5.4388E-01  7.8719E-01  3.2119E-01 -2.4127E-02 -2.0940E-01 -1.3329E+00 -3.0051E-01  3.5288E-02

0ITERATION NO.:   28    OBJECTIVE VALUE:   11140.4000904167        NO. OF FUNC. EVALS.:   8
 CUMULATIVE NO. OF FUNC. EVALS.:      237
 NPARAMETR:  4.6854E+00  8.9288E+01  7.3286E+00  1.0970E+02  1.6360E-01  1.2580E-01  1.3127E-01  5.4003E+03
 PARAMETER: -6.5813E-01 -1.3301E-02 -2.4005E-01  2.1715E-01 -4.3950E-04  1.3909E-01 -6.3437E-01  4.3971E+00
 GRADIENT:  -2.2558E-01  2.6392E-01  4.4247E-02 -5.8915E-02  2.5437E-02 -6.0495E-01 -3.7873E-02  1.6590E-02

0ITERATION NO.:   29    OBJECTIVE VALUE:   11140.3994051232        NO. OF FUNC. EVALS.:   9
 CUMULATIVE NO. OF FUNC. EVALS.:      246
 NPARAMETR:  4.6878E+00  8.9276E+01  7.3272E+00  1.0959E+02  1.6367E-01  1.2595E-01  1.3150E-01  5.4002E+03
 PARAMETER: -6.5761E-01 -1.3442E-02 -2.4025E-01  2.1582E-01 -2.4540E-04  1.3923E-01 -6.3367E-01  4.3971E+00
 GRADIENT:   3.0621E-01 -4.2896E-01 -1.8012E-01  2.4309E-02  9.0888E-02  7.8404E-01  1.5565E-01  6.0415E-03

0ITERATION NO.:   30    OBJECTIVE VALUE:   11140.3994051232        NO. OF FUNC. EVALS.:  14
 CUMULATIVE NO. OF FUNC. EVALS.:      260
 NPARAMETR:  4.6878E+00  8.9276E+01  7.3272E+00  1.0959E+02  1.6367E-01  1.2595E-01  1.3150E-01  5.4002E+03
 PARAMETER: -6.5761E-01 -1.3442E-02 -2.4025E-01  2.1582E-01 -2.4540E-04  1.3923E-01 -6.3367E-01  4.3971E+00
 GRADIENT:  -4.4645E+00 -7.6364E+00 -8.0262E-01 -2.2939E-01  9.0888E-02  7.8404E-01  1.5565E-01 -9.7102E+00

0ITERATION NO.:   31    OBJECTIVE VALUE:   11140.3320649533        NO. OF FUNC. EVALS.:  15
 CUMULATIVE NO. OF FUNC. EVALS.:      275
 NPARAMETR:  4.7341E+00  8.9802E+01  7.3211E+00  1.0879E+02  1.6227E-01  1.2531E-01  1.3142E-01  5.4281E+03
 PARAMETER: -6.4779E-01 -7.5612E-03 -2.4115E-01  2.0645E-01 -4.5336E-03  1.3912E-01 -6.3272E-01  4.3997E+00
 GRADIENT:  -1.4507E+00 -1.5491E+00  5.3049E-02 -3.0667E-02  6.1352E-02 -4.1749E-01  6.1478E-01 -2.5136E-01

0ITERATION NO.:   32    OBJECTIVE VALUE:   11140.3265382132        NO. OF FUNC. EVALS.:  13
 CUMULATIVE NO. OF FUNC. EVALS.:      288
 NPARAMETR:  4.7553E+00  8.9986E+01  7.3170E+00  1.0829E+02  1.6175E-01  1.2516E-01  1.3133E-01  5.4284E+03
 PARAMETER: -6.4333E-01 -5.5134E-03 -2.4176E-01  2.0062E-01 -6.1241E-03  1.3918E-01 -6.3507E-01  4.3997E+00
 GRADIENT:  -2.6780E-01  5.0239E-01  9.5668E-02 -2.2205E-01  3.7439E-01 -1.6563E+00  1.4443E-01 -3.0352E-01

0ITERATION NO.:   33    OBJECTIVE VALUE:   11140.3263360053        NO. OF FUNC. EVALS.:  13
 CUMULATIVE NO. OF FUNC. EVALS.:      301
 NPARAMETR:  4.7555E+00  8.9977E+01  7.3164E+00  1.0827E+02  1.6161E-01  1.2512E-01  1.3133E-01  5.4299E+03
 PARAMETER: -6.4328E-01 -5.6159E-03 -2.4184E-01  2.0029E-01 -6.5811E-03  1.3920E-01 -6.3558E-01  4.3998E+00
 GRADIENT:  -1.9681E-01  2.7941E-01 -6.6621E-02 -1.2167E-01  1.6007E-01 -7.0649E-01  6.3576E-02  1.3261E-01

0ITERATION NO.:   34    OBJECTIVE VALUE:   11140.3262910785        NO. OF FUNC. EVALS.:  13
 CUMULATIVE NO. OF FUNC. EVALS.:      314
 NPARAMETR:  4.7556E+00  8.9971E+01  7.3164E+00  1.0826E+02  1.6153E-01  1.2510E-01  1.3132E-01  5.4298E+03
 PARAMETER: -6.4326E-01 -5.6822E-03 -2.4185E-01  2.0019E-01 -6.8262E-03  1.3921E-01 -6.3594E-01  4.3998E+00
 GRADIENT:  -4.7071E-02  4.1423E-02 -4.6678E-02 -2.1838E-02  1.8225E-02 -8.2498E-02  3.8084E-04  4.2397E-02

0ITERATION NO.:   35    OBJECTIVE VALUE:   11140.3262910785        NO. OF FUNC. EVALS.:  10
 CUMULATIVE NO. OF FUNC. EVALS.:      324
 NPARAMETR:  4.7556E+00  8.9971E+01  7.3164E+00  1.0826E+02  1.6153E-01  1.2510E-01  1.3132E-01  5.4298E+03
 PARAMETER: -6.4326E-01 -5.6822E-03 -2.4185E-01  2.0019E-01 -6.8262E-03  1.3921E-01 -6.3594E-01  4.3998E+00
 GRADIENT:  -4.7071E-02  4.1423E-02 -4.6678E-02 -2.1838E-02  1.8225E-02 -8.2498E-02  3.8084E-04  4.2397E-02

 #TERM:
0MINIMIZATION SUCCESSFUL
 NO. OF FUNCTION EVALUATIONS USED:      324
 NO. OF SIG. DIGITS IN FINAL EST.:  3.8

 ETABAR IS THE ARITHMETIC MEAN OF THE ETA-ESTIMATES,
 AND THE P-VALUE IS GIVEN FOR THE NULL HYPOTHESIS THAT THE TRUE MEAN IS 0.

 ETABAR:         4.2602E-04 -2.1155E-03
 SE:             3.8672E-02  3.5875E-02

 P VAL.:         9.9121E-01  9.5298E-01

 ETAshrink(%):   3.2927E+00  5.0317E-01
 EPSshrink(%):   7.8945E+00

 #TERE:
 Elapsed estimation time in seconds:     9.30
1
 
 
 
 
 
 
 
 
 
 
 
 
 
 
 
 
 
 
 
 
 ************************************************************************************************************************
 ********************                                                                                ********************
 ********************               FIRST ORDER CONDITIONAL ESTIMATION WITH INTERACTION              ********************
 #OBJT:**************                       MINIMUM VALUE OF OBJECTIVE FUNCTION                      ********************
 ********************                                                                                ********************
 ************************************************************************************************************************
 





 #OBJV:********************************************    11140.326       **************************************************
1
 ************************************************************************************************************************
 ********************                                                                                ********************
 ********************               FIRST ORDER CONDITIONAL ESTIMATION WITH INTERACTION              ********************
 ********************                             FINAL PARAMETER ESTIMATE                           ********************
 ********************                                                                                ********************
 ************************************************************************************************************************
 


 THETA - VECTOR OF FIXED EFFECTS PARAMETERS   *********


         TH 1      TH 2      TH 3      TH 4     
 
         4.76E+00  9.00E+01  7.32E+00  1.08E+02
 


 OMEGA - COV MATRIX FOR RANDOM EFFECTS - ETAS  ********


            ETA1      ETA2   
 
 ETA1
+        1.62E-01
 
 ETA2
+        1.25E-01  1.31E-01
 


 SIGMA - COV MATRIX FOR RANDOM EFFECTS - EPSILONS  ****


            EPS1   
 
 EPS1
+        5.43E+03
 
1


 OMEGA - CORR MATRIX FOR RANDOM EFFECTS - ETAS  *******


            ETA1      ETA2   
 
 ETA1
+        4.02E-01
 
 ETA2
+        8.59E-01  3.62E-01
 


 SIGMA - CORR MATRIX FOR RANDOM EFFECTS - EPSILONS  ***


            EPS1   
 
 EPS1
+        7.37E+01
 
Stop Time:
Tue Dec 17 18:46:05 PST 2013
This file was created using /opt/NONMEM/nm72g/run/nmfe72
Started  Tue Dec 17 18:45:32 2013
Finished Tue Dec 17 18:46:05 2013
