Tue Dec 17 18:45:32 PST 2013
;; 1. Based on: run2
;; 2. Description: +combined error model
;; x1. Author: user
$PROBLEM    PK
$INPUT      ID TIME DV AMT CMT MDV EVID WT CRCL AGE SEX CENT
$DATA       pktab1 IGNORE=@ ;
$SUBROUTINE ADVAN3 TRANS4
$PK

TVCL = THETA(1)
CL = TVCL * EXP(ETA(1))
TVV1 = THETA(2)
V1 = TVV1 * EXP(ETA(2))
Q  = THETA(3)
V2 = THETA(4)
S1 = V1/1000

$ERROR

IPRED = F
Y = IPRED * (1+EPS(2))+ EPS(1)
ADD = SIGMA(1,1)
PROP = SIGMA(2,2)
W = SQRT(PROP*IPRED**2 + ADD)
IRES = DV-IPRED
IWRES = IRES/W

$THETA  (2,10,100) ; CL
 (20,100,500) ; V
 (0,10,100) ; Q
 (0,100,500) ; V2
$OMEGA  BLOCK(2)
 0.2  ;     IIV CL
 0.1 0.2  ;     IIV V2
$SIGMA  1  ; Additive error PK
 .01  ; Proportional error PK
$ESTIMATION METHOD=1 INTER MAXEVAL=2000 NOABORT SIG=4 PRINT=1 POSTHOC
$COVARIANCE
$TABLE      ID TIME DV AMT CMT MDV EVID WT CRCL AGE SEX CENT IPRED
            IWRES NOPRINT ONEHEADER NOAPPEND FILE=mytab3
; Xpose
$TABLE      ID TIME DV MDV EVID IPRED IWRES CWRES ONEHEADER NOPRINT
            FILE=sdtab3
$TABLE      CL V1 PROP ADD ONEHEADER NOPRINT FILE=patab3


NM-TRAN MESSAGES
  
 WARNINGS AND ERRORS (IF ANY) FOR PROBLEM    1
             
 (WARNING  2) NM-TRAN INFERS THAT THE DATA ARE POPULATION.
             
 (WARNING  79) SIGMA IS USED ON THE RIGHT. WITH A SUBSEQUENT RUN, IF AN
 INITIAL ESTIMATE OF A DIAGONAL BLOCK OF SIGMA IS TO BE COMPUTED BY
 NONMEM, THAT BLOCK WILL BE SET TO AN IDENTITY MATRIX DURING THAT
 COMPUTATION. THIS COULD LEAD TO AN ARITHMETIC EXCEPTION.*

 * THE MAXIMUM NUMBER OF WARNINGS OF ONE OR MORE TYPES WAS REACHED.
 IT IS POSSIBLE THAT SOME WARNING MESSAGES WERE SUPPRESSED.
 CREATING MUMODEL ROUTINE...

License Registered to: University of California, San Francisco
Expiration Date:    14 APR 2014
Current Date:       17 DEC 2013
Days until program expires : 122
1NONLINEAR MIXED EFFECTS MODEL PROGRAM (NONMEM) VERSION 7.2.0
 ORIGINALLY DEVELOPED BY STUART BEAL, LEWIS SHEINER, AND ALISON BOECKMANN
 CURRENT DEVELOPERS ARE ROBERT BAUER, ICON DEVELOPMENT SOLUTIONS,
 AND ALISON BOECKMANN. IMPLEMENTATION, EFFICIENCY, AND STANDARDIZATION
 PERFORMED BY NOUS INFOSYSTEMS.

 PROBLEM NO.:         1
 PK
0DATA CHECKOUT RUN:              NO
 DATA SET LOCATED ON UNIT NO.:    2
 THIS UNIT TO BE REWOUND:        NO
 NO. OF DATA RECS IN DATA SET:     1300
 NO. OF DATA ITEMS IN DATA SET:  12
 ID DATA ITEM IS DATA ITEM NO.:   1
 DEP VARIABLE IS DATA ITEM NO.:   3
 MDV DATA ITEM IS DATA ITEM NO.:  6
0INDICES PASSED TO SUBROUTINE PRED:
   7   2   4   0   0   0   5   0   0   0   0
0LABELS FOR DATA ITEMS:
 ID TIME DV AMT CMT MDV EVID WT CRCL AGE SEX CENT
0(NONBLANK) LABELS FOR PRED-DEFINED ITEMS:
 CL V1 IPRED ADD PROP IWRES
0FORMAT FOR DATA:
 (7E10.0/5E10.0)

 TOT. NO. OF OBS RECS:     1100
 TOT. NO. OF INDIVIDUALS:    100
0LENGTH OF THETA:   4
0DEFAULT THETA BOUNDARY TEST OMITTED:    NO
0OMEGA HAS BLOCK FORM:
  1
  1  1
0DEFAULT OMEGA BOUNDARY TEST OMITTED:    NO
0SIGMA HAS SIMPLE DIAGONAL FORM WITH DIMENSION:   2
0DEFAULT SIGMA BOUNDARY TEST OMITTED:    NO
0INITIAL ESTIMATE OF THETA:
 LOWER BOUND    INITIAL EST    UPPER BOUND
  0.2000E+01     0.1000E+02     0.1000E+03
  0.2000E+02     0.1000E+03     0.5000E+03
  0.0000E+00     0.1000E+02     0.1000E+03
  0.0000E+00     0.1000E+03     0.5000E+03
0INITIAL ESTIMATE OF OMEGA:
 BLOCK SET NO.   BLOCK                                                                    FIXED
        1                                                                                   NO
                  0.2000E+00
                  0.1000E+00   0.2000E+00
0INITIAL ESTIMATE OF SIGMA:
 0.1000E+01
 0.0000E+00   0.1000E-01
0ESTIMATION STEP OMITTED:           NO
 CONDITIONAL ESTIMATES USED:       YES
 CENTERED ETA:                      NO
 EPS-ETA INTERACTION:              YES
 LAPLACIAN OBJ. FUNC.:              NO
 NO. OF FUNCT. EVALS. ALLOWED:       2000
 NO. OF SIG. FIGURES REQUIRED:       4
 INTERMEDIATE PRINTOUT:            YES
 ESTIMATE OUTPUT TO MSF:            NO
 ABORT WITH PRED EXIT CODE 1:       NO
 IND. OBJ. FUNC. VALUES SORTED:     NO
0COVARIANCE STEP OMITTED:    NO
 EIGENVLS. PRINTED:          NO
 SPECIAL COMPUTATION:        NO
 COMPRESSED FORMAT:          NO
0TABLES STEP OMITTED:    NO
 NO. OF TABLES:           3
0-- TABLE   1 --
04 COLUMNS APPENDED:     NO
 PRINTED:                NO
 HEADERS:               ONE
 FILE TO BE FORWARDED:   NO
0USER-CHOSEN ITEMS:
 ID TIME DV AMT CMT MDV EVID WT CRCL AGE SEX CENT IPRED IWRES
0-- TABLE   2 --
 PRINTED:                NO
 HEADERS:               ONE
 FILE TO BE FORWARDED:   NO
0USER-CHOSEN ITEMS:
 ID TIME DV MDV EVID IPRED IWRES CWRES
0-- TABLE   3 --
 PRINTED:                NO
 HEADERS:               ONE
 FILE TO BE FORWARDED:   NO
0USER-CHOSEN ITEMS:
 CL V1 PROP ADD

 THE FOLLOWING LABELS ARE EQUIVALENT
 PRED=PREDI
 RES=RESI
 WRES=WRESI
1DOUBLE PRECISION PREDPP VERSION 7.2.0

 TWO COMPARTMENT MODEL (ADVAN3)
0MAXIMUM NO. OF BASIC PK PARAMETERS:   4
0BASIC PK PARAMETERS (AFTER TRANSLATION):
   BASIC PK PARAMETER NO.  1: ELIMINATION RATE (K)
   BASIC PK PARAMETER NO.  2: CENTRAL-TO-PERIPH. RATE (K12)
   BASIC PK PARAMETER NO.  3: PERIPH.-TO-CENTRAL RATE (K21)
 TRANSLATOR WILL CONVERT PARAMETERS
 CL, V1, Q, V2 TO K, K12, K21 (TRANS4)
0COMPARTMENT ATTRIBUTES
 COMPT. NO.   FUNCTION   INITIAL    ON/OFF      DOSE      DEFAULT    DEFAULT
                         STATUS     ALLOWED    ALLOWED    FOR DOSE   FOR OBS.
    1         CENTRAL      ON         NO         YES        YES        YES
    2         PERIPH.      ON         NO         YES        NO         NO
    3         OUTPUT       OFF        YES        NO         NO         NO
1
 ADDITIONAL PK PARAMETERS - ASSIGNMENT OF ROWS IN GG
 COMPT. NO.                             INDICES
              SCALE      BIOAVAIL.   ZERO-ORDER  ZERO-ORDER  ABSORB
                         FRACTION    RATE        DURATION    LAG
    1           5           *           *           *           *
    2           *           *           *           *           *
    3           *           -           -           -           -
             - PARAMETER IS NOT ALLOWED FOR THIS MODEL
             * PARAMETER IS NOT SUPPLIED BY PK SUBROUTINE;
               WILL DEFAULT TO ONE IF APPLICABLE
0DATA ITEM INDICES USED BY PRED ARE:
   EVENT ID DATA ITEM IS DATA ITEM NO.:      7
   TIME DATA ITEM IS DATA ITEM NO.:          2
   DOSE AMOUNT DATA ITEM IS DATA ITEM NO.:   4
   COMPT. NO. DATA ITEM IS DATA ITEM NO.:    5

0PK SUBROUTINE CALLED WITH EVERY EVENT RECORD.
 PK SUBROUTINE NOT CALLED AT NONEVENT (ADDITIONAL OR LAGGED) DOSE TIMES.
0ERROR SUBROUTINE CALLED WITH EVERY EVENT RECORD.
1


 #TBLN:      1
 #METH: First Order Conditional Estimation with Interaction

 MONITORING OF SEARCH:


0ITERATION NO.:    0    OBJECTIVE VALUE:   11734.1765503327        NO. OF FUNC. EVALS.:   8
 CUMULATIVE NO. OF FUNC. EVALS.:        8
 NPARAMETR:  1.0000E+01  1.0000E+02  1.0000E+01  1.0000E+02  2.0000E-01  1.0000E-01  2.0000E-01  1.0000E+00  1.0000E-02
 PARAMETER:  1.0000E-01  1.0000E-01  1.0000E-01  1.0000E-01  1.0000E-01  1.0000E-01  1.0000E-01  1.0000E-01  1.0000E-01
 GRADIENT:   6.2850E+02 -1.8559E+02  1.3855E+03  5.8454E+02 -5.3849E+02  7.2160E+02  5.9268E+01 -2.2669E+00 -1.5769E+03

0ITERATION NO.:    1    OBJECTIVE VALUE:   11373.8909121921        NO. OF FUNC. EVALS.:   9
 CUMULATIVE NO. OF FUNC. EVALS.:       17
 NPARAMETR:  9.1643E+00  1.0238E+02  7.8651E+00  9.1399E+01  2.4548E-01 -4.1304E-02  1.5361E-01  1.0009E+00  1.8221E-02
 PARAMETER: -1.9570E-02  1.3531E-01 -1.6359E-01 -1.1208E-02  2.0245E-01 -3.7283E-02  8.8724E-02  1.0043E-01  4.0000E-01
 GRADIENT:   3.8001E+02  1.9465E+02  9.6514E+01  1.3256E+02 -2.4411E+02 -1.5385E+03 -9.6701E+01 -3.9091E-01  1.6598E+02

0ITERATION NO.:    2    OBJECTIVE VALUE:   11266.1392671496        NO. OF FUNC. EVALS.:   9
 CUMULATIVE NO. OF FUNC. EVALS.:       26
 NPARAMETR:  8.9830E+00  1.0142E+02  7.8145E+00  9.0682E+01  2.5435E-01  8.4088E-02  1.7653E-01  1.0009E+00  1.7787E-02
 PARAMETER: -4.7195E-02  1.2116E-01 -1.7060E-01 -2.0845E-02  2.2019E-01  7.4565E-02  9.5754E-02  1.0046E-01  3.8793E-01
 GRADIENT:   3.4145E+02 -6.2353E+01  2.5271E+01  9.9672E+01 -1.4597E+02 -1.3480E+02  8.3988E+01 -4.2977E-01  1.6014E+02

0ITERATION NO.:    3    OBJECTIVE VALUE:   11195.0937797271        NO. OF FUNC. EVALS.:   9
 CUMULATIVE NO. OF FUNC. EVALS.:       35
 NPARAMETR:  7.3550E+00  1.0641E+02  7.7021E+00  8.4823E+01  3.1998E-01  1.0064E-01  1.5731E-01  1.0016E+00  1.3612E-02
 PARAMETER: -3.3037E-01  1.9318E-01 -1.8630E-01 -1.0184E-01  3.3496E-01  7.9564E-02  1.1475E-02  1.0082E-01  2.5418E-01
 GRADIENT:   1.3385E+02  5.5725E+01  3.3951E+01 -3.5051E+01  8.0237E+01 -5.1627E+02  6.3347E+01 -9.2991E-01 -3.1381E+02

0ITERATION NO.:    4    OBJECTIVE VALUE:   11162.8860937789        NO. OF FUNC. EVALS.:   9
 CUMULATIVE NO. OF FUNC. EVALS.:       44
 NPARAMETR:  6.7306E+00  1.0885E+02  7.6448E+00  8.4085E+01  3.1922E-01  1.1471E-01  1.5072E-01  1.0025E+00  1.5409E-02
 PARAMETER: -4.6107E-01  2.2736E-01 -1.9439E-01 -1.1236E-01  3.3378E-01  9.0799E-02 -5.7377E-02  1.0125E-01  3.1620E-01
 GRADIENT:   7.1168E+01  1.0626E+02  1.3711E+01 -6.6277E+01  1.2644E+02 -5.7693E+02  4.5551E+01 -6.4839E-01 -7.0574E+01

0ITERATION NO.:    5    OBJECTIVE VALUE:   11105.8191771716        NO. OF FUNC. EVALS.:   9
 CUMULATIVE NO. OF FUNC. EVALS.:       53
 NPARAMETR:  5.3162E+00  1.1182E+02  7.8334E+00  9.2775E+01  1.7772E-01  1.4793E-01  1.7814E-01  1.0061E+00  1.4250E-02
 PARAMETER: -8.3135E-01  2.6785E-01 -1.6798E-01  7.1065E-03  4.0947E-02  1.5693E-01 -4.0164E-01  1.0303E-01  2.7707E-01
 GRADIENT:  -2.1465E+02  3.4957E+02  1.7284E+02 -1.5212E+02  5.5591E+01 -1.1915E+02 -4.2610E+01 -7.8564E-01 -2.2262E+02

0ITERATION NO.:    6    OBJECTIVE VALUE:   11084.7552361307        NO. OF FUNC. EVALS.:  10
 CUMULATIVE NO. OF FUNC. EVALS.:       63
 NPARAMETR:  4.8514E+00  1.0152E+02  7.1344E+00  9.9392E+01  1.5668E-01  1.2954E-01  1.4804E-01  1.0086E+00  1.3998E-02
 PARAMETER: -9.8728E-01  1.2263E-01 -2.6901E-01  9.2384E-02 -2.2066E-02  1.4636E-01 -5.4929E-01  1.0426E-01  2.6818E-01
 GRADIENT:  -1.9651E+02  2.8798E+02 -1.5628E+02 -1.1673E+02 -1.2607E+00  1.1562E+02 -4.4859E+01 -8.4325E-01 -2.5261E+02

0ITERATION NO.:    7    OBJECTIVE VALUE:   11063.4705607595        NO. OF FUNC. EVALS.:   9
 CUMULATIVE NO. OF FUNC. EVALS.:       72
 NPARAMETR:  4.4693E+00  8.9815E+01  7.3221E+00  1.0605E+02  1.4950E-01  1.1246E-01  1.1631E-01  1.0113E+00  1.4111E-02
 PARAMETER: -1.1351E+00 -6.1315E-02 -2.4101E-01  1.7393E-01 -4.5512E-02  1.3007E-01 -6.7686E-01  1.0561E-01  2.7217E-01
 GRADIENT:  -8.3504E+01  7.8946E+01 -1.2077E+02 -4.0584E+01  1.8060E+00 -7.6264E+01 -4.7713E+01 -8.5221E-01 -2.3386E+02

0ITERATION NO.:    8    OBJECTIVE VALUE:   11062.9085546138        NO. OF FUNC. EVALS.:  10
 CUMULATIVE NO. OF FUNC. EVALS.:       82
 NPARAMETR:  4.4107E+00  9.0419E+01  7.3257E+00  1.1109E+02  1.5132E-01  1.1112E-01  1.1565E-01  1.0181E+00  1.4117E-02
 PARAMETER: -1.1598E+00 -5.1227E-02 -2.4048E-01  2.3326E-01 -3.9452E-02  1.2775E-01 -6.4131E-01  1.0895E-01  2.7240E-01
 GRADIENT:  -6.8789E+01  6.8199E+01 -1.3454E+02 -1.8862E+01 -2.3323E+00 -8.2097E+01 -3.5903E+01 -8.6107E-01 -2.3377E+02

0ITERATION NO.:    9    OBJECTIVE VALUE:   11062.1523136918        NO. OF FUNC. EVALS.:   9
 CUMULATIVE NO. OF FUNC. EVALS.:       91
 NPARAMETR:  4.3526E+00  8.9108E+01  7.3598E+00  1.0726E+02  1.3663E-01  9.7208E-02  1.0883E-01  1.1482E+00  1.4357E-02
 PARAMETER: -1.1848E+00 -7.3214E-02 -2.3547E-01  1.8846E-01 -9.0537E-02  1.1761E-01 -5.6510E-01  1.6910E-01  2.8081E-01
 GRADIENT:  -9.6305E+01  7.6322E+01 -1.0284E+02 -4.7130E+01 -1.2543E+01 -1.7593E+02 -1.6066E+01 -9.0800E-01 -1.9116E+02

0ITERATION NO.:   10    OBJECTIVE VALUE:   11048.2055619445        NO. OF FUNC. EVALS.:  11
 CUMULATIVE NO. OF FUNC. EVALS.:      102
 NPARAMETR:  4.6966E+00  9.1989E+01  7.7013E+00  1.0461E+02  1.5265E-01  1.2136E-01  1.3714E-01  2.9166E+00  1.5669E-02
 PARAMETER: -1.0447E+00 -2.5342E-02 -1.8641E-01  1.5667E-01 -3.5073E-02  1.3892E-01 -5.5279E-01  6.3521E-01  3.2456E-01
 GRADIENT:  -4.9817E+01  6.4241E+01  5.3686E+01 -2.0785E+01 -5.2218E+00  5.8242E+01 -4.4170E+00 -1.7625E+00 -3.0699E+01

0ITERATION NO.:   11    OBJECTIVE VALUE:   11031.3267565317        NO. OF FUNC. EVALS.:   9
 CUMULATIVE NO. OF FUNC. EVALS.:      111
 NPARAMETR:  4.9375E+00  9.1815E+01  7.6256E+00  9.8533E+01  1.6274E-01  1.2541E-01  1.3738E-01  7.1365E+01  1.6165E-02
 PARAMETER: -9.5659E-01 -2.8184E-02 -1.9712E-01  8.1555E-02 -3.0841E-03  1.3903E-01 -5.5184E-01  2.2339E+00  3.4012E-01
 GRADIENT:  -3.5167E+00  1.4727E+01  9.3738E+00 -1.6327E+01  3.4814E+01 -9.4249E+01 -1.3199E+00 -2.7861E+01  1.2892E+02

0ITERATION NO.:   12    OBJECTIVE VALUE:   11008.0454056167        NO. OF FUNC. EVALS.:   9
 CUMULATIVE NO. OF FUNC. EVALS.:      120
 NPARAMETR:  4.9443E+00  9.1926E+01  7.6667E+00  9.8779E+01  1.6168E-01  1.2643E-01  1.3988E-01  1.0567E+03  1.6163E-02
 PARAMETER: -9.5423E-01 -2.6372E-02 -1.9130E-01  8.4668E-02 -6.3519E-03  1.4062E-01 -5.4840E-01  3.5815E+00  3.4008E-01
 GRADIENT:  -2.3900E+01  3.7046E+01  2.9805E+01 -3.2194E+01  2.6794E+01 -6.5922E+01  1.1674E+01  8.7225E+01  5.1755E+02

0ITERATION NO.:   13    OBJECTIVE VALUE:   10985.6507187254        NO. OF FUNC. EVALS.:   9
 CUMULATIVE NO. OF FUNC. EVALS.:      129
 NPARAMETR:  4.8355E+00  9.1054E+01  7.7004E+00  1.0108E+02  1.4981E-01  1.2210E-01  1.3945E-01  5.4265E+02  1.5326E-02
 PARAMETER: -9.9302E-01 -4.0712E-02 -1.8654E-01  1.1341E-01 -4.4463E-02  1.4108E-01 -5.6172E-01  3.2482E+00  3.1348E-01
 GRADIENT:  -2.7455E+01  3.2546E+01  4.9464E+01 -1.7739E+01 -6.7031E+00  6.7083E+01  4.0128E+00 -1.5964E+01  3.6541E+02

0ITERATION NO.:   14    OBJECTIVE VALUE:   10934.0435971355        NO. OF FUNC. EVALS.:  10
 CUMULATIVE NO. OF FUNC. EVALS.:      139
 NPARAMETR:  4.6503E+00  8.9782E+01  7.7466E+00  1.0700E+02  1.2371E-01  1.0717E-01  1.2970E-01  9.8850E+02  9.6134E-03
 PARAMETER: -1.0625E+00 -6.1879E-02 -1.8006E-01  1.8535E-01 -1.4017E-01  1.3626E-01 -6.0171E-01  3.5481E+00  8.0285E-02
 GRADIENT:  -4.1967E+01  3.8111E+01  1.2863E+02  8.8898E+00 -9.4067E+01  3.5122E+02 -9.7142E+00 -4.0921E+01  6.7633E+01

0ITERATION NO.:   15    OBJECTIVE VALUE:   10924.2086023642        NO. OF FUNC. EVALS.:   9
 CUMULATIVE NO. OF FUNC. EVALS.:      148
 NPARAMETR:  5.1017E+00  9.3398E+01  7.3613E+00  9.8263E+01  1.6183E-01  1.0800E-01  1.1275E-01  1.5966E+03  7.0667E-03
 PARAMETER: -9.0048E-01 -2.4969E-03 -2.3525E-01  7.8149E-02 -5.8829E-03  1.2006E-01 -5.5244E-01  3.7878E+00 -7.3595E-02
 GRADIENT:   8.4888E-01  4.0214E+01 -3.5348E+01 -3.5932E+01  6.1318E+01 -4.4374E+02 -6.7812E+00  2.6913E+01  3.3006E+00

0ITERATION NO.:   16    OBJECTIVE VALUE:   10917.5867349483        NO. OF FUNC. EVALS.:  10
 CUMULATIVE NO. OF FUNC. EVALS.:      158
 NPARAMETR:  4.9296E+00  9.1555E+01  7.4487E+00  1.0223E+02  1.5220E-01  1.1190E-01  1.2095E-01  1.4692E+03  7.4724E-03
 PARAMETER: -9.5939E-01 -3.2460E-02 -2.2250E-01  1.2760E-01 -3.6568E-02  1.2828E-01 -5.7774E-01  3.7462E+00 -4.5685E-02
 GRADIENT:   4.7921E+00  1.2013E+01 -4.4827E+00 -1.0405E+01  1.8932E+01 -1.8582E+02 -3.4830E+00  1.0073E+01  1.2747E+01

0ITERATION NO.:   17    OBJECTIVE VALUE:   10916.6190799850        NO. OF FUNC. EVALS.:   9
 CUMULATIVE NO. OF FUNC. EVALS.:      167
 NPARAMETR:  4.8347E+00  9.0727E+01  7.4647E+00  1.0461E+02  1.4925E-01  1.1637E-01  1.2836E-01  1.4376E+03  7.5065E-03
 PARAMETER: -9.9330E-01 -4.6119E-02 -2.2018E-01  1.5663E-01 -4.6342E-02  1.3471E-01 -5.9150E-01  3.7354E+00 -4.3411E-02
 GRADIENT:   3.4564E+00  2.9623E+00 -1.7840E+00  4.0912E+00 -9.5642E+00  1.0127E+00 -3.9546E+00  1.5321E+00  7.4466E+00

0ITERATION NO.:   18    OBJECTIVE VALUE:   10916.5225143399        NO. OF FUNC. EVALS.:   9
 CUMULATIVE NO. OF FUNC. EVALS.:      176
 NPARAMETR:  4.8244E+00  9.0575E+01  7.4672E+00  1.0472E+02  1.5207E-01  1.1762E-01  1.2914E-01  1.4179E+03  7.4615E-03
 PARAMETER: -9.9706E-01 -4.8643E-02 -2.1982E-01  1.5796E-01 -3.7004E-02  1.3490E-01 -5.8444E-01  3.7285E+00 -4.6416E-02
 GRADIENT:   3.3672E+00  1.3687E+00 -6.6833E-01  2.3689E+00 -4.5031E+00 -1.4427E+01 -2.5218E+00 -5.5269E+00 -1.1773E+00

0ITERATION NO.:   19    OBJECTIVE VALUE:   10916.4276460647        NO. OF FUNC. EVALS.:   9
 CUMULATIVE NO. OF FUNC. EVALS.:      185
 NPARAMETR:  4.7929E+00  9.0215E+01  7.4767E+00  1.0527E+02  1.5595E-01  1.1992E-01  1.3105E-01  1.4578E+03  7.3613E-03
 PARAMETER: -1.0086E+00 -5.4625E-02 -2.1845E-01  1.6467E-01 -2.4381E-02  1.3580E-01 -5.7561E-01  3.7423E+00 -5.3177E-02
 GRADIENT:   1.8581E+00 -9.8398E-01  3.5918E+00  6.4058E-01 -2.2518E-01 -1.8935E+01  6.4755E-02  1.1481E+00 -9.6292E-01

0ITERATION NO.:   20    OBJECTIVE VALUE:   10916.4085347401        NO. OF FUNC. EVALS.:   9
 CUMULATIVE NO. OF FUNC. EVALS.:      194
 NPARAMETR:  4.7851E+00  9.0168E+01  7.4715E+00  1.0539E+02  1.5747E-01  1.2154E-01  1.3268E-01  1.4519E+03  7.3684E-03
 PARAMETER: -1.0115E+00 -5.5415E-02 -2.1919E-01  1.6601E-01 -1.9556E-02  1.3698E-01 -5.7534E-01  3.7403E+00 -5.2690E-02
 GRADIENT:   6.2029E-01 -3.2136E-01  3.7158E-01  2.3794E-01 -2.9801E-01 -5.0445E+00  2.2753E-01 -1.4917E-01 -1.5531E+00

0ITERATION NO.:   21    OBJECTIVE VALUE:   10916.4061463726        NO. OF FUNC. EVALS.:   9
 CUMULATIVE NO. OF FUNC. EVALS.:      203
 NPARAMETR:  4.7804E+00  9.0128E+01  7.4714E+00  1.0548E+02  1.5830E-01  1.2236E-01  1.3336E-01  1.4490E+03  7.3873E-03
 PARAMETER: -1.0132E+00 -5.6081E-02 -2.1922E-01  1.6709E-01 -1.6917E-02  1.3754E-01 -5.7641E-01  3.7393E+00 -5.1410E-02
 GRADIENT:   2.5154E-01 -4.0556E-01 -1.7832E-01  1.5450E-01 -1.5195E-01  5.1466E-01 -1.4453E-03 -1.2656E-01 -4.2593E-01

0ITERATION NO.:   22    OBJECTIVE VALUE:   10916.4060993733        NO. OF FUNC. EVALS.:   9
 CUMULATIVE NO. OF FUNC. EVALS.:      212
 NPARAMETR:  4.7797E+00  9.0140E+01  7.4715E+00  1.0550E+02  1.5840E-01  1.2241E-01  1.3339E-01  1.4485E+03  7.3925E-03
 PARAMETER: -1.0135E+00 -5.5878E-02 -2.1919E-01  1.6743E-01 -1.6589E-02  1.3755E-01 -5.7622E-01  3.7391E+00 -5.1057E-02
 GRADIENT:  -2.1649E-02  3.9137E-03 -1.3271E-01 -1.3412E-02 -5.7745E-02  3.8320E-01  4.4524E-02 -1.3590E-02 -3.9731E-02

0ITERATION NO.:   23    OBJECTIVE VALUE:   10916.4060993733        NO. OF FUNC. EVALS.:  16
 CUMULATIVE NO. OF FUNC. EVALS.:      228
 NPARAMETR:  4.7797E+00  9.0140E+01  7.4715E+00  1.0550E+02  1.5840E-01  1.2241E-01  1.3339E-01  1.4485E+03  7.3925E-03
 PARAMETER: -1.0135E+00 -5.5878E-02 -2.1919E-01  1.6743E-01 -1.6589E-02  1.3755E-01 -5.7622E-01  3.7391E+00 -5.1057E-02
 GRADIENT:  -4.6121E-01 -1.6309E-01 -1.8758E-01 -4.6862E-02 -5.7745E-02  3.8320E-01  4.4524E-02 -1.9356E-01 -4.8694E-02

0ITERATION NO.:   24    OBJECTIVE VALUE:   10916.4055013322        NO. OF FUNC. EVALS.:  17
 CUMULATIVE NO. OF FUNC. EVALS.:      245
 NPARAMETR:  4.7853E+00  9.0188E+01  7.4715E+00  1.0539E+02  1.5827E-01  1.2237E-01  1.3341E-01  1.4493E+03  7.3911E-03
 PARAMETER: -1.0114E+00 -5.5090E-02 -2.1920E-01  1.6606E-01 -1.7022E-02  1.3756E-01 -5.7625E-01  3.7394E+00 -5.1151E-02
 GRADIENT:  -7.7094E-02 -2.9678E-02  4.6199E-02 -2.1422E-02 -2.4010E-02  2.9910E-01  4.6823E-02 -4.0293E-02 -1.5650E-02

0ITERATION NO.:   25    OBJECTIVE VALUE:   10916.4054803411        NO. OF FUNC. EVALS.:  15
 CUMULATIVE NO. OF FUNC. EVALS.:      260
 NPARAMETR:  4.7863E+00  9.0197E+01  7.4713E+00  1.0537E+02  1.5823E-01  1.2234E-01  1.3337E-01  1.4495E+03  7.3910E-03
 PARAMETER: -1.0111E+00 -5.4937E-02 -2.1923E-01  1.6588E-01 -1.7127E-02  1.3755E-01 -5.7641E-01  3.7395E+00 -5.1162E-02
 GRADIENT:   6.0283E-03 -1.7350E-02 -2.4118E-02 -4.2552E-04 -2.6377E-03  7.5535E-03  5.3585E-03  4.6316E-03  1.5381E-02

0ITERATION NO.:   26    OBJECTIVE VALUE:   10916.4054799193        NO. OF FUNC. EVALS.:  15
 CUMULATIVE NO. OF FUNC. EVALS.:      275
 NPARAMETR:  4.7862E+00  9.0198E+01  7.4714E+00  1.0538E+02  1.5824E-01  1.2235E-01  1.3337E-01  1.4495E+03  7.3908E-03
 PARAMETER: -1.0111E+00 -5.4914E-02 -2.1922E-01  1.6594E-01 -1.7102E-02  1.3755E-01 -5.7642E-01  3.7395E+00 -5.1175E-02
 GRADIENT:   3.0687E-03  1.3100E-03  9.9254E-03  2.7075E-03  1.3897E-05 -3.4120E-03  1.6042E-03 -1.1296E-03 -1.4124E-03

0ITERATION NO.:   27    OBJECTIVE VALUE:   10916.4054799193        NO. OF FUNC. EVALS.:  12
 CUMULATIVE NO. OF FUNC. EVALS.:      287
 NPARAMETR:  4.7862E+00  9.0198E+01  7.4714E+00  1.0538E+02  1.5824E-01  1.2235E-01  1.3337E-01  1.4495E+03  7.3908E-03
 PARAMETER: -1.0111E+00 -5.4914E-02 -2.1922E-01  1.6594E-01 -1.7102E-02  1.3755E-01 -5.7642E-01  3.7395E+00 -5.1175E-02
 GRADIENT:   3.0687E-03  1.3100E-03  9.9254E-03  2.7075E-03  1.3897E-05 -3.4120E-03  1.6042E-03 -1.1296E-03 -1.4124E-03

 #TERM:
0MINIMIZATION SUCCESSFUL
 NO. OF FUNCTION EVALUATIONS USED:      287
 NO. OF SIG. DIGITS IN FINAL EST.:  4.2

 ETABAR IS THE ARITHMETIC MEAN OF THE ETA-ESTIMATES,
 AND THE P-VALUE IS GIVEN FOR THE NULL HYPOTHESIS THAT THE TRUE MEAN IS 0.

 ETABAR:         1.7367E-03 -1.1421E-03
 SE:             3.8853E-02  3.6130E-02

 P VAL.:         9.6435E-01  9.7478E-01

 ETAshrink(%):   1.8379E+00  5.7011E-01
 EPSshrink(%):   8.3510E+00  8.3510E+00

 #TERE:
 Elapsed estimation time in seconds:     9.34
 Elapsed covariance time in seconds:     3.81
1
 
 
 
 
 
 
 
 
 
 
 
 
 
 
 
 
 
 
 
 
 ************************************************************************************************************************
 ********************                                                                                ********************
 ********************               FIRST ORDER CONDITIONAL ESTIMATION WITH INTERACTION              ********************
 #OBJT:**************                       MINIMUM VALUE OF OBJECTIVE FUNCTION                      ********************
 ********************                                                                                ********************
 ************************************************************************************************************************
 





 #OBJV:********************************************    10916.405       **************************************************
1
 ************************************************************************************************************************
 ********************                                                                                ********************
 ********************               FIRST ORDER CONDITIONAL ESTIMATION WITH INTERACTION              ********************
 ********************                             FINAL PARAMETER ESTIMATE                           ********************
 ********************                                                                                ********************
 ************************************************************************************************************************
 


 THETA - VECTOR OF FIXED EFFECTS PARAMETERS   *********


         TH 1      TH 2      TH 3      TH 4     
 
         4.79E+00  9.02E+01  7.47E+00  1.05E+02
 


 OMEGA - COV MATRIX FOR RANDOM EFFECTS - ETAS  ********


            ETA1      ETA2   
 
 ETA1
+        1.58E-01
 
 ETA2
+        1.22E-01  1.33E-01
 


 SIGMA - COV MATRIX FOR RANDOM EFFECTS - EPSILONS  ****


            EPS1      EPS2   
 
 EPS1
+        1.45E+03
 
 EPS2
+        0.00E+00  7.39E-03
 
1


 OMEGA - CORR MATRIX FOR RANDOM EFFECTS - ETAS  *******


            ETA1      ETA2   
 
 ETA1
+        3.98E-01
 
 ETA2
+        8.42E-01  3.65E-01
 


 SIGMA - CORR MATRIX FOR RANDOM EFFECTS - EPSILONS  ***


            EPS1      EPS2   
 
 EPS1
+        3.81E+01
 
 EPS2
+        0.00E+00  8.60E-02
 
1
 ************************************************************************************************************************
 ********************                                                                                ********************
 ********************               FIRST ORDER CONDITIONAL ESTIMATION WITH INTERACTION              ********************
 ********************                            STANDARD ERROR OF ESTIMATE                          ********************
 ********************                                                                                ********************
 ************************************************************************************************************************
 


 THETA - VECTOR OF FIXED EFFECTS PARAMETERS   *********


         TH 1      TH 2      TH 3      TH 4     
 
         2.19E-01  3.70E+00  1.98E-01  7.51E+00
 


 OMEGA - COV MATRIX FOR RANDOM EFFECTS - ETAS  ********


            ETA1      ETA2   
 
 ETA1
+        2.55E-02
 
 ETA2
+        1.73E-02  1.66E-02
 


 SIGMA - COV MATRIX FOR RANDOM EFFECTS - EPSILONS  ****


            EPS1      EPS2   
 
 EPS1
+        1.81E+02
 
 EPS2
+       .........  5.87E-04
 
1


 OMEGA - CORR MATRIX FOR RANDOM EFFECTS - ETAS  *******


            ETA1      ETA2   
 
 ETA1
+        3.21E-02
 
 ETA2
+        2.82E-02  2.27E-02
 


 SIGMA - CORR MATRIX FOR RANDOM EFFECTS - EPSILONS  ***


            EPS1      EPS2   
 
 EPS1
+        2.38E+00
 
 EPS2
+       .........  3.41E-03
 
1
 ************************************************************************************************************************
 ********************                                                                                ********************
 ********************               FIRST ORDER CONDITIONAL ESTIMATION WITH INTERACTION              ********************
 ********************                          COVARIANCE MATRIX OF ESTIMATE                         ********************
 ********************                                                                                ********************
 ************************************************************************************************************************
 

            TH 1      TH 2      TH 3      TH 4      OM11      OM12      OM22      SG11      SG12      SG22
 
 TH 1
+        4.80E-02
 
 TH 2
+        4.30E-01  1.37E+01
 
 TH 3
+        8.70E-03  2.11E-01  3.93E-02
 
 TH 4
+       -6.49E-01  1.13E+01  6.11E-02  5.65E+01
 
 OM11
+       -1.69E-03  1.99E-02 -9.08E-04  1.16E-01  6.51E-04
 
 OM12
+       -7.38E-04  1.16E-02 -9.04E-04  4.96E-02  3.82E-04  3.00E-04
 
 OM22
+       -5.05E-05  9.06E-03 -9.09E-04  1.40E-02  2.07E-04  2.36E-04  2.75E-04
 
 SG11
+       -8.91E+00 -2.56E+02 -5.55E+00 -5.33E+01 -6.26E-01 -5.50E-01 -5.49E-01  3.29E+04
 
 SG12
+       ......... ......... ......... ......... ......... ......... ......... ......... .........
 
 SG22
+        3.13E-05  9.78E-04  2.43E-05  8.02E-04  1.67E-06  5.63E-07  8.73E-07 -7.31E-02 .........  3.44E-07
 
1
 ************************************************************************************************************************
 ********************                                                                                ********************
 ********************               FIRST ORDER CONDITIONAL ESTIMATION WITH INTERACTION              ********************
 ********************                          CORRELATION MATRIX OF ESTIMATE                        ********************
 ********************                                                                                ********************
 ************************************************************************************************************************
 

            TH 1      TH 2      TH 3      TH 4      OM11      OM12      OM22      SG11      SG12      SG22
 
 TH 1
+        2.19E-01
 
 TH 2
+        5.31E-01  3.70E+00
 
 TH 3
+        2.00E-01  2.88E-01  1.98E-01
 
 TH 4
+       -3.94E-01  4.08E-01  4.10E-02  7.51E+00
 
 OM11
+       -3.02E-01  2.11E-01 -1.79E-01  6.03E-01  2.55E-02
 
 OM12
+       -1.95E-01  1.81E-01 -2.63E-01  3.81E-01  8.64E-01  1.73E-02
 
 OM22
+       -1.39E-02  1.48E-01 -2.77E-01  1.12E-01  4.90E-01  8.22E-01  1.66E-02
 
 SG11
+       -2.24E-01 -3.82E-01 -1.54E-01 -3.91E-02 -1.35E-01 -1.75E-01 -1.83E-01  1.81E+02
 
 SG12
+       ......... ......... ......... ......... ......... ......... ......... ......... .........
 
 SG22
+        2.44E-01  4.51E-01  2.09E-01  1.82E-01  1.12E-01  5.55E-02  8.97E-02 -6.88E-01 .........  5.87E-04
 
1
 ************************************************************************************************************************
 ********************                                                                                ********************
 ********************               FIRST ORDER CONDITIONAL ESTIMATION WITH INTERACTION              ********************
 ********************                      INVERSE COVARIANCE MATRIX OF ESTIMATE                     ********************
 ********************                                                                                ********************
 ************************************************************************************************************************
 

            TH 1      TH 2      TH 3      TH 4      OM11      OM12      OM22      SG11      SG12      SG22
 
 TH 1
+        8.11E+01
 
 TH 2
+       -4.14E+00  3.32E-01
 
 TH 3
+        2.68E+00 -6.44E-01  3.23E+01
 
 TH 4
+        1.79E+00 -1.17E-01  4.03E-02  7.86E-02
 
 OM11
+       -1.23E+02  1.12E+01  4.40E+01 -1.56E+01  2.19E+04
 
 OM12
+        2.98E+02 -2.11E+01 -2.30E+01  1.92E+01 -4.15E+04  9.37E+04
 
 OM22
+       -1.08E+02  3.82E+00  1.19E+02 -5.18E+00  1.97E+04 -4.94E+04  3.17E+04
 
 SG11
+       -9.79E-03  8.89E-04  1.65E-03 -4.98E-04 -1.53E-01  4.94E-01 -2.19E-01  6.76E-05
 
 SG12
+       ......... ......... ......... ......... ......... ......... ......... ......... .........
 
 SG22
+       -1.68E+03 -9.01E+01 -9.13E+02 -6.53E+01 -1.09E+05  2.68E+05 -1.39E+05  1.43E+01 .........  7.01E+06
 
Stop Time:
Tue Dec 17 18:46:08 PST 2013
This file was created using /opt/NONMEM/nm72g/run/nmfe72
Started  Tue Dec 17 18:45:32 2013
Finished Tue Dec 17 18:46:08 2013
