Tue Dec 17 18:45:32 PST 2013
;; 1. Based on: run4
;; 2. Description: final model from scm
;; x1. Author: user
;; 3. Label:
$PROBLEM    PK
$INPUT      ID TIME DV AMT CMT MDV EVID WT CRCL AGE=DROP SEX CENT=DROP
$DATA       pktab1 IGNORE=@ ;
$SUBROUTINE ADVAN3 TRANS4
$PK


;;; CLCRCL-DEFINITION START
IF(CRCL.LE.88.14) CLCRCL = ( 1 + THETA(8)*(CRCL - 88.14))
IF(CRCL.GT.88.14) CLCRCL = ( 1 + THETA(9)*(CRCL - 88.14))
;;; CLCRCL-DEFINITION END


;;; V1WT-DEFINITION START
V1WT = ( 1 + THETA(7)*(WT - 66.50))
;;; V1WT-DEFINITION END


;;; V1SEX-DEFINITION START
IF(SEX.EQ.1.0000E+00) V1SEX = 1  ; Most common
IF(SEX.EQ.0.0000E+00) V1SEX = ( 1 + THETA(6))
;;; V1SEX-DEFINITION END

;;; V1-RELATION START
V1COV=V1SEX*V1WT
;;; V1-RELATION END


;;; CLWT-DEFINITION START
CLWT = ( 1 + THETA(5)*(WT - 66.50))
;;; CLWT-DEFINITION END

;;; CL-RELATION START
CLCOV=CLWT*CLCRCL
;;; CL-RELATION END


TVCL = THETA(1)

TVCL = CLCOV*TVCL
CL = TVCL * EXP(ETA(1))
TVV1 = THETA(2)

TVV1 = V1COV*TVV1
V1 = TVV1 * EXP(ETA(2))
Q  = THETA(3)
V2 = THETA(4)
S1 = V1/1000

$ERROR


IPRED = F
Y = IPRED *(1+EPS(2))+ EPS(1)
PROP = SIGMA(2,2)
ADD = SIGMA(1,1)
W = SQRT(PROP**2*IPRED**2 + ADD**2)
IRES = DV-IPRED
IWRES = IRES/W

$THETA  (0,5) ; CL
 (0,97.2) ; V
 (0,7.47,100) ; Q
 (0,106,500) ; V2
$THETA  (-0.011,0.00977,0.030) ; CLWT1
$THETA  (-1,-0.16,5) ; V1SEX1
$THETA  (-0.011,0.0142,0.030) ; V1WT1
$THETA  (-1000000,0.0178,0.045) ; CLCRCL1
 (-0.038,0.00231,1000000) ; CLCRCL2
$OMEGA  BLOCK(2)
 0.0448  ;     IIV CL
 0.0297 0.0512  ;     IIV V2
$SIGMA  1410  ; PAdditive error PK
 0.00753  ; Proportional error PK
$ESTIMATION METHOD=1 INTER MAXEVAL=2000 NOABORT SIG=3 PRINT=1 POSTHOC
; Xpose
$TABLE      ID TIME DV MDV EVID IPRED IWRES ONEHEADER NOPRINT
            FILE=sdtab5
$TABLE      CL V1 ONEHEADER NOPRINT FILE=patab5


NM-TRAN MESSAGES
  
 WARNINGS AND ERRORS (IF ANY) FOR PROBLEM    1
             
 (WARNING  2) NM-TRAN INFERS THAT THE DATA ARE POPULATION.
             
 (WARNING  79) SIGMA IS USED ON THE RIGHT. WITH A SUBSEQUENT RUN, IF AN
 INITIAL ESTIMATE OF A DIAGONAL BLOCK OF SIGMA IS TO BE COMPUTED BY
 NONMEM, THAT BLOCK WILL BE SET TO AN IDENTITY MATRIX DURING THAT
 COMPUTATION. THIS COULD LEAD TO AN ARITHMETIC EXCEPTION.*

 * THE MAXIMUM NUMBER OF WARNINGS OF ONE OR MORE TYPES WAS REACHED.
 IT IS POSSIBLE THAT SOME WARNING MESSAGES WERE SUPPRESSED.
 CREATING MUMODEL ROUTINE...

License Registered to: University of California, San Francisco
Expiration Date:    14 APR 2014
Current Date:       17 DEC 2013
Days until program expires : 122
1NONLINEAR MIXED EFFECTS MODEL PROGRAM (NONMEM) VERSION 7.2.0
 ORIGINALLY DEVELOPED BY STUART BEAL, LEWIS SHEINER, AND ALISON BOECKMANN
 CURRENT DEVELOPERS ARE ROBERT BAUER, ICON DEVELOPMENT SOLUTIONS,
 AND ALISON BOECKMANN. IMPLEMENTATION, EFFICIENCY, AND STANDARDIZATION
 PERFORMED BY NOUS INFOSYSTEMS.

 PROBLEM NO.:         1
 PK
0DATA CHECKOUT RUN:              NO
 DATA SET LOCATED ON UNIT NO.:    2
 THIS UNIT TO BE REWOUND:        NO
 NO. OF DATA RECS IN DATA SET:     1300
 NO. OF DATA ITEMS IN DATA SET:  10
 ID DATA ITEM IS DATA ITEM NO.:   1
 DEP VARIABLE IS DATA ITEM NO.:   3
 MDV DATA ITEM IS DATA ITEM NO.:  6
0INDICES PASSED TO SUBROUTINE PRED:
   7   2   4   0   0   0   5   0   0   0   0
0LABELS FOR DATA ITEMS:
 ID TIME DV AMT CMT MDV EVID WT CRCL SEX
0(NONBLANK) LABELS FOR PRED-DEFINED ITEMS:
 CL V1 IPRED IWRES
0FORMAT FOR DATA:
 (7E10.0/3E10.0)

 TOT. NO. OF OBS RECS:     1100
 TOT. NO. OF INDIVIDUALS:    100
0LENGTH OF THETA:   9
0DEFAULT THETA BOUNDARY TEST OMITTED:    NO
0OMEGA HAS BLOCK FORM:
  1
  1  1
0DEFAULT OMEGA BOUNDARY TEST OMITTED:    NO
0SIGMA HAS SIMPLE DIAGONAL FORM WITH DIMENSION:   2
0DEFAULT SIGMA BOUNDARY TEST OMITTED:    NO
0INITIAL ESTIMATE OF THETA:
 LOWER BOUND    INITIAL EST    UPPER BOUND
  0.0000E+00     0.5000E+01     0.1000E+07
  0.0000E+00     0.9720E+02     0.1000E+07
  0.0000E+00     0.7470E+01     0.1000E+03
  0.0000E+00     0.1060E+03     0.5000E+03
 -0.1100E-01     0.9770E-02     0.3000E-01
 -0.1000E+01    -0.1600E+00     0.5000E+01
 -0.1100E-01     0.1420E-01     0.3000E-01
 -0.1000E+07     0.1780E-01     0.4500E-01
 -0.3800E-01     0.2310E-02     0.1000E+07
0INITIAL ESTIMATE OF OMEGA:
 BLOCK SET NO.   BLOCK                                                                    FIXED
        1                                                                                   NO
                  0.4480E-01
                  0.2970E-01   0.5120E-01
0INITIAL ESTIMATE OF SIGMA:
 0.1410E+04
 0.0000E+00   0.7530E-02
0ESTIMATION STEP OMITTED:           NO
 CONDITIONAL ESTIMATES USED:       YES
 CENTERED ETA:                      NO
 EPS-ETA INTERACTION:              YES
 LAPLACIAN OBJ. FUNC.:              NO
 NO. OF FUNCT. EVALS. ALLOWED:       2000
 NO. OF SIG. FIGURES REQUIRED:       3
 INTERMEDIATE PRINTOUT:            YES
 ESTIMATE OUTPUT TO MSF:            NO
 ABORT WITH PRED EXIT CODE 1:       NO
 IND. OBJ. FUNC. VALUES SORTED:     NO
0TABLES STEP OMITTED:    NO
 NO. OF TABLES:           2
0-- TABLE   1 --
 PRINTED:                NO
 HEADERS:               ONE
 FILE TO BE FORWARDED:   NO
0USER-CHOSEN ITEMS:
 ID TIME DV MDV EVID IPRED IWRES
0-- TABLE   2 --
 PRINTED:                NO
 HEADERS:               ONE
 FILE TO BE FORWARDED:   NO
0USER-CHOSEN ITEMS:
 CL V1

 THE FOLLOWING LABELS ARE EQUIVALENT
 PRED=PREDI
 RES=RESI
 WRES=WRESI
1DOUBLE PRECISION PREDPP VERSION 7.2.0

 TWO COMPARTMENT MODEL (ADVAN3)
0MAXIMUM NO. OF BASIC PK PARAMETERS:   4
0BASIC PK PARAMETERS (AFTER TRANSLATION):
   BASIC PK PARAMETER NO.  1: ELIMINATION RATE (K)
   BASIC PK PARAMETER NO.  2: CENTRAL-TO-PERIPH. RATE (K12)
   BASIC PK PARAMETER NO.  3: PERIPH.-TO-CENTRAL RATE (K21)
 TRANSLATOR WILL CONVERT PARAMETERS
 CL, V1, Q, V2 TO K, K12, K21 (TRANS4)
0COMPARTMENT ATTRIBUTES
 COMPT. NO.   FUNCTION   INITIAL    ON/OFF      DOSE      DEFAULT    DEFAULT
                         STATUS     ALLOWED    ALLOWED    FOR DOSE   FOR OBS.
    1         CENTRAL      ON         NO         YES        YES        YES
    2         PERIPH.      ON         NO         YES        NO         NO
    3         OUTPUT       OFF        YES        NO         NO         NO
1
 ADDITIONAL PK PARAMETERS - ASSIGNMENT OF ROWS IN GG
 COMPT. NO.                             INDICES
              SCALE      BIOAVAIL.   ZERO-ORDER  ZERO-ORDER  ABSORB
                         FRACTION    RATE        DURATION    LAG
    1           5           *           *           *           *
    2           *           *           *           *           *
    3           *           -           -           -           -
             - PARAMETER IS NOT ALLOWED FOR THIS MODEL
             * PARAMETER IS NOT SUPPLIED BY PK SUBROUTINE;
               WILL DEFAULT TO ONE IF APPLICABLE
0DATA ITEM INDICES USED BY PRED ARE:
   EVENT ID DATA ITEM IS DATA ITEM NO.:      7
   TIME DATA ITEM IS DATA ITEM NO.:          2
   DOSE AMOUNT DATA ITEM IS DATA ITEM NO.:   4
   COMPT. NO. DATA ITEM IS DATA ITEM NO.:    5

0PK SUBROUTINE CALLED WITH EVERY EVENT RECORD.
 PK SUBROUTINE NOT CALLED AT NONEVENT (ADDITIONAL OR LAGGED) DOSE TIMES.
0ERROR SUBROUTINE CALLED WITH EVERY EVENT RECORD.
1


 #TBLN:      1
 #METH: First Order Conditional Estimation with Interaction

 MONITORING OF SEARCH:


0ITERATION NO.:    0    OBJECTIVE VALUE:   10779.5095231892        NO. OF FUNC. EVALS.:  13
 CUMULATIVE NO. OF FUNC. EVALS.:       13
 NPARAMETR:  5.0000E+00  9.7200E+01  7.4700E+00  1.0600E+02  9.7700E-03 -1.6000E-01  1.4200E-02  1.7800E-02  2.3100E-03  4.4800E-02
             2.9700E-02  5.1200E-02  1.4100E+03  7.5300E-03
 PARAMETER:  1.0000E-01  1.0000E-01  1.0000E-01  1.0000E-01  1.0000E-01  1.0000E-01  1.0000E-01  1.0000E-01  1.0000E-01  1.0000E-01
             1.0000E-01  1.0000E-01  1.0000E-01  1.0000E-01
 GRADIENT:   7.0448E+00 -3.8407E-01  1.3489E+00  3.2090E+00 -6.3002E-01  8.7624E-02  9.6691E-01 -1.1033E+00  6.3646E-01 -5.1964E-01
             4.5198E-01  3.1186E-01 -7.7155E-02  2.0926E-01

0ITERATION NO.:    1    OBJECTIVE VALUE:   10779.5058193902        NO. OF FUNC. EVALS.:  17
 CUMULATIVE NO. OF FUNC. EVALS.:       30
 NPARAMETR:  4.9954E+00  9.7205E+01  7.4688E+00  1.0597E+02  9.7708E-03 -1.6001E-01  1.4199E-02  1.7804E-02  2.3067E-03  4.4806E-02
             2.9685E-02  5.1174E-02  1.4100E+03  7.5296E-03
 PARAMETER:  9.9086E-02  1.0005E-01  9.9825E-02  9.9584E-02  1.0008E-01  9.9989E-02  9.9875E-02  1.0014E-01  9.9917E-02  1.0007E-01
             9.9941E-02  9.9960E-02  1.0001E-01  9.9973E-02
 GRADIENT:   9.3907E-01  3.0520E+00  6.9886E-01  8.3771E-01 -4.2599E-01  1.3358E+00  7.4449E-01 -2.3281E-01 -3.8626E-01 -4.0889E-01
            -7.7316E-02  2.2239E-01  1.1201E-02  2.2373E-01

0ITERATION NO.:    2    OBJECTIVE VALUE:   10779.5058193902        NO. OF FUNC. EVALS.:  30
 CUMULATIVE NO. OF FUNC. EVALS.:       60
 NPARAMETR:  4.9954E+00  9.7205E+01  7.4688E+00  1.0597E+02  9.7708E-03 -1.6001E-01  1.4199E-02  1.7804E-02  2.3067E-03  4.4806E-02
             2.9685E-02  5.1174E-02  1.4100E+03  7.5296E-03
 PARAMETER:  9.9086E-02  1.0005E-01  9.9825E-02  9.9584E-02  1.0008E-01  9.9989E-02  9.9875E-02  1.0014E-01  9.9917E-02  1.0007E-01
             9.9941E-02  9.9960E-02  1.0001E-01  9.9973E-02
 GRADIENT:  -4.2377E-01 -7.0029E-01  4.4840E-01  6.3730E-01 -4.9811E-01  9.7583E-02  5.3240E-01 -3.0377E-01 -5.1340E-01 -4.0889E-01
            -7.7316E-02  2.2239E-01 -3.5142E-02  1.3215E-01

0ITERATION NO.:    3    OBJECTIVE VALUE:   10779.5049232507        NO. OF FUNC. EVALS.:  28
 CUMULATIVE NO. OF FUNC. EVALS.:       88
 NPARAMETR:  4.9976E+00  9.7250E+01  7.4665E+00  1.0593E+02  9.7746E-03 -1.6008E-01  1.4195E-02  1.7810E-02  2.3230E-03  4.4833E-02
             2.9714E-02  5.1191E-02  1.4101E+03  7.5281E-03
 PARAMETER:  9.9521E-02  1.0051E-01  9.9499E-02  9.9148E-02  1.0045E-01  9.9891E-02  9.9478E-02  1.0036E-01  1.0032E-01  1.0037E-01
             1.0001E-01  9.9794E-02  1.0003E-01  9.9873E-02
 GRADIENT:  -1.5820E-02  6.1485E-01 -5.5179E-01  4.7959E-01 -8.3649E-02  1.6101E-01  1.6114E-01 -7.9400E-02 -3.2569E-02 -2.9089E-01
             2.2805E-01  1.8497E-01 -8.3851E-02  1.7643E-02

0ITERATION NO.:    4    OBJECTIVE VALUE:   10779.5046621326        NO. OF FUNC. EVALS.:  28
 CUMULATIVE NO. OF FUNC. EVALS.:      116
 NPARAMETR:  4.9979E+00  9.7239E+01  7.4676E+00  1.0590E+02  9.7762E-03 -1.6014E-01  1.4193E-02  1.7813E-02  2.3280E-03  4.4854E-02
             2.9693E-02  5.1146E-02  1.4102E+03  7.5275E-03
 PARAMETER:  9.9590E-02  1.0040E-01  9.9654E-02  9.8774E-02  1.0060E-01  9.9802E-02  9.9285E-02  1.0046E-01  1.0045E-01  1.0060E-01
             9.9918E-02  9.9659E-02  1.0008E-01  9.9836E-02
 GRADIENT:   8.0829E-02  1.2920E-01  2.5432E-02  2.7189E-01  1.1803E-01 -2.8920E-01  4.6453E-03  4.8880E-02  1.6966E-01 -1.1591E-01
            -9.0272E-01  1.1650E-01 -5.4443E-02  3.7257E-03

0ITERATION NO.:    5    OBJECTIVE VALUE:   10779.5045557191        NO. OF FUNC. EVALS.:  28
 CUMULATIVE NO. OF FUNC. EVALS.:      144
 NPARAMETR:  4.9981E+00  9.7231E+01  7.4680E+00  1.0588E+02  9.7765E-03 -1.6013E-01  1.4192E-02  1.7813E-02  2.3287E-03  4.4864E-02
             2.9740E-02  5.1198E-02  1.4103E+03  7.5273E-03
 PARAMETER:  9.9616E-02  1.0032E-01  9.9713E-02  9.8573E-02  1.0064E-01  9.9820E-02  9.9206E-02  1.0050E-01  1.0046E-01  1.0071E-01
             1.0006E-01  9.9581E-02  1.0011E-01  9.9820E-02
 GRADIENT:   4.1046E-03 -4.7954E-02  2.3410E-01  1.9298E-01  1.8003E-01 -4.1400E-01 -3.6774E-02  1.0078E-01  2.0863E-01 -1.4348E-01
             2.7197E-01  1.3289E-01 -5.4860E-02 -1.4017E-02

0ITERATION NO.:    6    OBJECTIVE VALUE:   10779.5042898960        NO. OF FUNC. EVALS.:  27
 CUMULATIVE NO. OF FUNC. EVALS.:      171
 NPARAMETR:  4.9994E+00  9.7205E+01  7.4672E+00  1.0582E+02  9.7751E-03 -1.5975E-01  1.4191E-02  1.7811E-02  2.3213E-03  4.4906E-02
             2.9765E-02  5.1190E-02  1.4107E+03  7.5269E-03
 PARAMETER:  9.9888E-02  1.0006E-01  9.9588E-02  9.7893E-02  1.0050E-01  1.0035E-01  9.9058E-02  1.0042E-01  1.0028E-01  1.0119E-01
             1.0010E-01  9.9214E-02  1.0025E-01  9.9797E-02
 GRADIENT:   1.1488E-01 -2.8017E-01 -1.8769E-01  1.0750E-01  8.4030E-02 -4.2262E-02  1.2794E-01  5.6774E-02  1.2281E-01  9.6026E-02
             6.2853E-03  2.5277E-02  3.9753E-02  8.3108E-02

0ITERATION NO.:    7    OBJECTIVE VALUE:   10779.5042620989        NO. OF FUNC. EVALS.:  28
 CUMULATIVE NO. OF FUNC. EVALS.:      199
 NPARAMETR:  4.9998E+00  9.7211E+01  7.4678E+00  1.0582E+02  9.7744E-03 -1.5969E-01  1.4190E-02  1.7810E-02  2.3185E-03  4.4907E-02
             2.9767E-02  5.1188E-02  1.4107E+03  7.5263E-03
 PARAMETER:  9.9967E-02  1.0011E-01  9.9675E-02  9.7793E-02  1.0043E-01  1.0042E-01  9.8980E-02  1.0037E-01  1.0021E-01  1.0120E-01
             1.0011E-01  9.9156E-02  1.0025E-01  9.9752E-02
 GRADIENT:   7.5505E-02  9.4393E-02  1.9220E-01  7.4184E-02  4.6410E-02  1.6538E-01  1.3458E-01  3.8855E-02  7.4926E-02  1.0722E-01
            -3.5717E-03  7.1151E-03  5.3472E-03 -3.6556E-04

0ITERATION NO.:    8    OBJECTIVE VALUE:   10779.5041838383        NO. OF FUNC. EVALS.:  26
 CUMULATIVE NO. OF FUNC. EVALS.:      225
 NPARAMETR:  5.0008E+00  9.7209E+01  7.4672E+00  1.0578E+02  9.7709E-03 -1.5977E-01  1.4185E-02  1.7802E-02  2.3023E-03  4.4888E-02
             2.9761E-02  5.1176E-02  1.4106E+03  7.5238E-03
 PARAMETER:  1.0015E-01  1.0009E-01  9.9598E-02  9.7335E-02  1.0009E-01  1.0032E-01  9.8428E-02  1.0007E-01  9.9808E-02  1.0098E-01
             1.0011E-01  9.8946E-02  1.0022E-01  9.9590E-02
 GRADIENT:   1.1860E-01 -6.6384E-02 -1.1539E-02  8.2365E-02 -4.1830E-02 -8.2740E-02  4.0351E-02 -2.2414E-02 -5.2263E-02  9.4179E-02
             2.1745E-03 -5.8002E-02 -1.3480E-01 -2.5892E-01

0ITERATION NO.:    9    OBJECTIVE VALUE:   10779.5041522680        NO. OF FUNC. EVALS.:  27
 CUMULATIVE NO. OF FUNC. EVALS.:      252
 NPARAMETR:  5.0011E+00  9.7209E+01  7.4672E+00  1.0576E+02  9.7699E-03 -1.5976E-01  1.4183E-02  1.7799E-02  2.2988E-03  4.4875E-02
             2.9756E-02  5.1173E-02  1.4109E+03  7.5259E-03
 PARAMETER:  1.0023E-01  1.0009E-01  9.9601E-02  9.7159E-02  9.9992E-02  1.0033E-01  9.8211E-02  9.9971E-02  9.9721E-02  1.0083E-01
             1.0011E-01  9.8921E-02  1.0031E-01  9.9727E-02
 GRADIENT:   1.1958E-01 -3.0379E-03  1.9252E-02  6.9655E-02 -5.4289E-02 -1.0096E-01  1.2482E-03 -3.0472E-02 -7.5027E-02  7.5305E-02
             4.5201E-03 -5.9682E-02  2.5720E-02 -5.1328E-03

0ITERATION NO.:   10    OBJECTIVE VALUE:   10779.5041135874        NO. OF FUNC. EVALS.:  26
 CUMULATIVE NO. OF FUNC. EVALS.:      278
 NPARAMETR:  5.0015E+00  9.7197E+01  7.4671E+00  1.0574E+02  9.7695E-03 -1.5959E-01  1.4180E-02  1.7796E-02  2.3021E-03  4.4837E-02
             2.9736E-02  5.1171E-02  1.4107E+03  7.5259E-03
 PARAMETER:  1.0030E-01  9.9971E-02  9.9586E-02  9.6842E-02  9.9956E-02  1.0057E-01  9.7913E-02  9.9844E-02  9.9804E-02  1.0041E-01
             1.0008E-01  9.9028E-02  1.0024E-01  9.9729E-02
 GRADIENT:   1.2526E-01 -4.8672E-02  1.4414E-02  4.6405E-02 -2.1105E-02 -2.6319E-02 -1.3939E-02 -7.1743E-03 -2.9209E-02 -1.1153E-02
            -1.8113E-03 -3.3940E-02 -2.6241E-02 -5.6330E-02

0ITERATION NO.:   11    OBJECTIVE VALUE:   10779.5041096191        NO. OF FUNC. EVALS.:  26
 CUMULATIVE NO. OF FUNC. EVALS.:      304
 NPARAMETR:  5.0015E+00  9.7197E+01  7.4671E+00  1.0573E+02  9.7690E-03 -1.5959E-01  1.4180E-02  1.7792E-02  2.3052E-03  4.4840E-02
             2.9737E-02  5.1177E-02  1.4106E+03  7.5260E-03
 PARAMETER:  1.0029E-01  9.9974E-02  9.9583E-02  9.6774E-02  9.9906E-02  1.0056E-01  9.7902E-02  9.9697E-02  9.9881E-02  1.0044E-01
             1.0008E-01  9.9127E-02  1.0022E-01  9.9737E-02
 GRADIENT:   1.2315E-01 -4.6301E-02  1.4111E-02  3.9672E-02 -2.9347E-02 -3.1934E-02 -1.3141E-02 -3.0100E-02 -2.0091E-02  5.5064E-03
            -1.3291E-03 -9.5984E-03 -3.0008E-02 -5.3723E-02

0ITERATION NO.:   12    OBJECTIVE VALUE:   10779.5041081658        NO. OF FUNC. EVALS.:  45
 CUMULATIVE NO. OF FUNC. EVALS.:      349             RESET HESSIAN, TYPE I
 NPARAMETR:  5.0014E+00  9.7198E+01  7.4671E+00  1.0573E+02  9.7701E-03 -1.5959E-01  1.4180E-02  1.7794E-02  2.3062E-03  4.4839E-02
             2.9737E-02  5.1179E-02  1.4107E+03  7.5264E-03
 PARAMETER:  1.0028E-01  9.9980E-02  9.9581E-02  9.6746E-02  1.0001E-01  1.0057E-01  9.7933E-02  9.9796E-02  9.9906E-02  1.0043E-01
             1.0008E-01  9.9152E-02  1.0025E-01  9.9762E-02
 GRADIENT:   1.2698E+00  3.8618E+00  2.5320E-01  1.2584E-01  9.9359E-02  1.2600E+00  1.7419E-01  1.1334E-01  1.1326E-01  4.8703E-03
             5.0589E-03 -2.8076E-03  5.9400E-02  9.4782E-02

0ITERATION NO.:   13    OBJECTIVE VALUE:   10779.5041081658        NO. OF FUNC. EVALS.:  23
 CUMULATIVE NO. OF FUNC. EVALS.:      372
 NPARAMETR:  5.0014E+00  9.7198E+01  7.4671E+00  1.0573E+02  9.7701E-03 -1.5959E-01  1.4180E-02  1.7794E-02  2.3062E-03  4.4839E-02
             2.9737E-02  5.1179E-02  1.4107E+03  7.5264E-03
 PARAMETER:  1.0028E-01  9.9980E-02  9.9581E-02  9.6746E-02  1.0001E-01  1.0057E-01  9.7933E-02  9.9796E-02  9.9906E-02  1.0043E-01
             1.0008E-01  9.9152E-02  1.0025E-01  9.9762E-02
 GRADIENT:  -9.9610E-02  1.1068E-01  3.3271E-03 -7.4475E-02  2.7133E-02  1.4654E-02 -3.7976E-02  4.2254E-02 -1.4062E-02  4.8703E-03
             5.0589E-03 -2.8076E-03  1.2920E-02  3.2296E-03

0ITERATION NO.:   14    OBJECTIVE VALUE:   10779.5041057294        NO. OF FUNC. EVALS.:  25
 CUMULATIVE NO. OF FUNC. EVALS.:      397
 NPARAMETR:  5.0014E+00  9.7198E+01  7.4671E+00  1.0573E+02  9.7694E-03 -1.5958E-01  1.4180E-02  1.7792E-02  2.3066E-03  4.4838E-02
             2.9737E-02  5.1179E-02  1.4107E+03  7.5264E-03
 PARAMETER:  1.0029E-01  9.9978E-02  9.9581E-02  9.6777E-02  9.9939E-02  1.0058E-01  9.7983E-02  9.9696E-02  9.9916E-02  1.0043E-01
             1.0008E-01  9.9154E-02  1.0024E-01  9.9761E-02
 GRADIENT:   1.0689E-01 -1.4917E-02  3.6924E-03  3.5618E-02 -2.6201E-02  1.2487E-02  5.3558E-03 -2.7914E-02 -1.4350E-02  7.7795E-04
             1.0551E-02 -1.0296E-03  2.5936E-03 -4.8253E-03

0ITERATION NO.:   15    OBJECTIVE VALUE:   10779.5041057294        NO. OF FUNC. EVALS.:  22
 CUMULATIVE NO. OF FUNC. EVALS.:      419
 NPARAMETR:  5.0014E+00  9.7198E+01  7.4671E+00  1.0573E+02  9.7694E-03 -1.5958E-01  1.4180E-02  1.7792E-02  2.3066E-03  4.4838E-02
             2.9737E-02  5.1179E-02  1.4107E+03  7.5264E-03
 PARAMETER:  1.0029E-01  9.9978E-02  9.9581E-02  9.6777E-02  9.9939E-02  1.0058E-01  9.7983E-02  9.9696E-02  9.9916E-02  1.0043E-01
             1.0008E-01  9.9154E-02  1.0024E-01  9.9761E-02
 GRADIENT:   1.0689E-01 -1.4917E-02  3.6924E-03  3.5618E-02 -2.6201E-02  1.2487E-02  5.3558E-03 -2.7914E-02 -1.4350E-02  7.7795E-04
             1.0551E-02 -1.0296E-03  2.5936E-03 -4.8253E-03

 #TERM:
0MINIMIZATION SUCCESSFUL
 NO. OF FUNCTION EVALUATIONS USED:      419
 NO. OF SIG. DIGITS IN FINAL EST.:  3.2

 ETABAR IS THE ARITHMETIC MEAN OF THE ETA-ESTIMATES,
 AND THE P-VALUE IS GIVEN FOR THE NULL HYPOTHESIS THAT THE TRUE MEAN IS 0.

 ETABAR:         1.4044E-03 -1.0031E-03
 SE:             1.9681E-02  2.2039E-02

 P VAL.:         9.4311E-01  9.6370E-01

 ETAshrink(%):   6.5873E+00  2.0905E+00
 EPSshrink(%):   7.9368E+00  7.9368E+00

 #TERE:
 Elapsed estimation time in seconds:    10.29
1
 
 
 
 
 
 
 
 
 
 
 
 
 
 
 
 
 
 
 
 
 ************************************************************************************************************************
 ********************                                                                                ********************
 ********************               FIRST ORDER CONDITIONAL ESTIMATION WITH INTERACTION              ********************
 #OBJT:**************                       MINIMUM VALUE OF OBJECTIVE FUNCTION                      ********************
 ********************                                                                                ********************
 ************************************************************************************************************************
 





 #OBJV:********************************************    10779.504       **************************************************
1
 ************************************************************************************************************************
 ********************                                                                                ********************
 ********************               FIRST ORDER CONDITIONAL ESTIMATION WITH INTERACTION              ********************
 ********************                             FINAL PARAMETER ESTIMATE                           ********************
 ********************                                                                                ********************
 ************************************************************************************************************************
 


 THETA - VECTOR OF FIXED EFFECTS PARAMETERS   *********


         TH 1      TH 2      TH 3      TH 4      TH 5      TH 6      TH 7      TH 8      TH 9     
 
         5.00E+00  9.72E+01  7.47E+00  1.06E+02  9.77E-03 -1.60E-01  1.42E-02  1.78E-02  2.31E-03
 


 OMEGA - COV MATRIX FOR RANDOM EFFECTS - ETAS  ********


            ETA1      ETA2   
 
 ETA1
+        4.48E-02
 
 ETA2
+        2.97E-02  5.12E-02
 


 SIGMA - COV MATRIX FOR RANDOM EFFECTS - EPSILONS  ****


            EPS1      EPS2   
 
 EPS1
+        1.41E+03
 
 EPS2
+        0.00E+00  7.53E-03
 
1


 OMEGA - CORR MATRIX FOR RANDOM EFFECTS - ETAS  *******


            ETA1      ETA2   
 
 ETA1
+        2.12E-01
 
 ETA2
+        6.21E-01  2.26E-01
 


 SIGMA - CORR MATRIX FOR RANDOM EFFECTS - EPSILONS  ***


            EPS1      EPS2   
 
 EPS1
+        3.76E+01
 
 EPS2
+        0.00E+00  8.68E-02
 
Stop Time:
Tue Dec 17 18:46:06 PST 2013
This file was created using /opt/NONMEM/nm72g/run/nmfe72
Started  Tue Dec 17 18:45:32 2013
Finished Tue Dec 17 18:46:06 2013
